0 verbose cli C:\Program Files\nodejs\node.exe C:\Program Files\nodejs\node_modules\npm\bin\npm-cli.js
1 info using npm@9.8.1
2 info using node@v18.18.0
3 timing npm:load:whichnode Completed in 2ms
4 timing config:load:defaults Completed in 4ms
5 timing config:load:file:C:\Users\AN HA\AppData\Roaming\nvm\v18.18.0\node_modules\npm\npmrc Completed in 1ms
6 timing config:load:builtin Completed in 2ms
7 timing config:load:cli Completed in 1ms
8 timing config:load:env Completed in 0ms
9 timing config:load:file:C:\Users\AN HA\WebstormProjects\demo-reactjs\.npmrc Completed in 0ms
10 timing config:load:project Completed in 2ms
11 timing config:load:file:C:\Users\AN HA\.npmrc Completed in 0ms
12 timing config:load:user Completed in 0ms
13 timing config:load:file:C:\Users\AN HA\AppData\Roaming\npm\etc\npmrc Completed in 1ms
14 timing config:load:global Completed in 1ms
15 timing config:load:setEnvs Completed in 1ms
16 timing config:load Completed in 11ms
17 timing npm:load:configload Completed in 11ms
18 timing config:load:flatten Completed in 2ms
19 timing npm:load:mkdirpcache Completed in 1ms
20 timing npm:load:mkdirplogs Completed in 0ms
21 verbose title npm install
22 verbose argv "install"
23 timing npm:load:setTitle Completed in 1ms
24 timing npm:load:display Completed in 0ms
25 verbose logfile logs-max:10 dir:C:\Users\AN HA\WebstormProjects\demo-reactjs\Users\_logs\2023-10-08T10_02_26_593Z-
26 verbose logfile C:\Users\AN HA\WebstormProjects\demo-reactjs\Users\_logs\2023-10-08T10_02_26_593Z-debug-0.log
27 timing npm:load:logFile Completed in 9ms
28 timing npm:load:timers Completed in 0ms
29 timing npm:load:configScope Completed in 0ms
30 timing npm:load Completed in 51ms
31 timing arborist:ctor Completed in 1ms
32 silly logfile done cleaning log files
33 timing idealTree:init Completed in 557ms
34 timing idealTree:userRequests Completed in 0ms
35 silly idealTree buildDeps
36 silly fetch manifest axios@^1.4.0
37 timing arborist:ctor Completed in 0ms
38 http fetch GET 200 https://registry.npmjs.org/axios 1805ms (cache miss)
39 silly fetch manifest react-router-dom@^6.8.0
40 http fetch GET 200 https://registry.npmjs.org/react-router-dom 2592ms (cache miss)
41 silly fetch manifest react@^18.2.0
42 http fetch GET 200 https://registry.npmjs.org/npm 5885ms (cache miss)
43 http fetch GET 200 https://registry.npmjs.org/react 5759ms (cache miss)
44 silly fetch manifest react-dom@^18.2.0
45 http fetch GET 200 https://registry.npmjs.org/react-dom 3962ms (cache miss)
46 silly fetch manifest react-redux@^8.0.5
47 http fetch GET 200 https://registry.npmjs.org/react-redux 488ms (cache miss)
48 silly fetch manifest @types/react@^16.8 || ^17.0 || ^18.0
49 http fetch GET 200 https://registry.npmjs.org/@types%2freact 1126ms (cache miss)
50 silly fetch manifest @types/react-dom@^16.8 || ^17.0 || ^18.0
51 http fetch GET 200 https://registry.npmjs.org/@types%2freact-dom 502ms (cache miss)
52 silly fetch manifest react-native@>=0.59
53 http fetch GET 200 https://registry.npmjs.org/react-native 9841ms (cache miss)
54 silly fetch manifest redux@^4 || ^5.0.0-beta.0
55 http fetch GET 200 https://registry.npmjs.org/redux 280ms (cache miss)
56 silly placeDep ROOT axios@1.5.1 OK for: demo-reactjs@0.1.0 want: ^1.4.0
57 silly fetch manifest form-data@^4.0.0
58 silly fetch manifest proxy-from-env@^1.1.0
59 silly placeDep ROOT react-redux@8.1.3 OK for: demo-reactjs@0.1.0 want: ^8.0.5
60 silly fetch manifest @types/hoist-non-react-statics@^3.3.1
61 silly fetch manifest @types/use-sync-external-store@^0.0.3
62 silly fetch manifest hoist-non-react-statics@^3.3.2
63 silly fetch manifest react-is@^18.0.0
64 silly fetch manifest use-sync-external-store@^1.0.0
65 silly placeDep ROOT react-router-dom@6.16.0 OK for: demo-reactjs@0.1.0 want: ^6.8.0
66 silly fetch manifest @remix-run/router@1.9.0
67 silly fetch manifest react-router@6.16.0
68 http fetch GET 200 https://registry.npmjs.org/form-data 149ms (cache miss)
69 http fetch GET 200 https://registry.npmjs.org/@types%2fuse-sync-external-store 232ms (cache miss)
70 http fetch GET 200 https://registry.npmjs.org/@types%2fhoist-non-react-statics 620ms (cache miss)
71 http fetch GET 200 https://registry.npmjs.org/react-router 838ms (cache miss)
72 http fetch GET 200 https://registry.npmjs.org/proxy-from-env 848ms (cache miss)
73 http fetch GET 200 https://registry.npmjs.org/hoist-non-react-statics 1045ms (cache miss)
74 http fetch GET 200 https://registry.npmjs.org/@remix-run%2frouter 1362ms (cache miss)
75 http fetch GET 200 https://registry.npmjs.org/use-sync-external-store 5941ms (cache miss)
76 http fetch GET 200 https://registry.npmjs.org/react-is 6773ms (cache miss)
77 timing idealTree:#root Completed in 33202ms
78 silly placeDep node_modules/axios form-data@4.0.0 OK for: axios@1.5.1 want: ^4.0.0
79 silly placeDep ROOT proxy-from-env@1.1.0 OK for: axios@1.5.1 want: ^1.1.0
80 timing idealTree:node_modules/axios Completed in 4ms
81 timing idealTree:node_modules/proxy-from-env Completed in 0ms
82 silly fetch manifest react@^16.8 || ^17.0 || ^18.0
83 silly placeDep ROOT @types/hoist-non-react-statics@3.3.2 OK for: react-redux@8.1.3 want: ^3.3.1
84 silly fetch manifest hoist-non-react-statics@^3.3.0
85 silly placeDep ROOT @types/use-sync-external-store@0.0.3 OK for: react-redux@8.1.3 want: ^0.0.3
86 silly placeDep ROOT hoist-non-react-statics@3.3.2 OK for: react-redux@8.1.3 want: ^3.3.2
87 silly fetch manifest react-is@^16.7.0
88 silly placeDep node_modules/react-redux react-is@18.2.0 OK for: react-redux@8.1.3 want: ^18.0.0
89 silly placeDep ROOT use-sync-external-store@1.2.0 OK for: react-redux@8.1.3 want: ^1.0.0
90 timing idealTree:node_modules/react-redux Completed in 15ms
91 timing idealTree:node_modules/@types/hoist-non-react-statics Completed in 0ms
92 timing idealTree:node_modules/@types/use-sync-external-store Completed in 0ms
93 silly placeDep node_modules/hoist-non-react-statics react-is@16.13.1 OK for: hoist-non-react-statics@3.3.2 want: ^16.7.0
94 timing idealTree:node_modules/hoist-non-react-statics Completed in 2ms
95 silly fetch manifest react@>=16.8
96 silly placeDep ROOT @remix-run/router@1.9.0 OK for: react-router-dom@6.16.0 want: 1.9.0
97 silly placeDep ROOT react-router@6.16.0 OK for: react-router-dom@6.16.0 want: 6.16.0
98 timing idealTree:node_modules/react-router-dom Completed in 4ms
99 timing idealTree:node_modules/@remix-run/router Completed in 0ms
100 timing idealTree:node_modules/react-router Completed in 0ms
101 timing idealTree:node_modules/use-sync-external-store Completed in 0ms
102 timing idealTree:node_modules/axios/node_modules/form-data Completed in 0ms
103 timing idealTree:node_modules/hoist-non-react-statics/node_modules/react-is Completed in 0ms
104 timing idealTree:node_modules/react-redux/node_modules/react-is Completed in 0ms
105 timing idealTree:buildDeps Completed in 33228ms
106 timing idealTree:fixDepFlags Completed in 20ms
107 timing idealTree Completed in 33817ms
108 timing reify:loadTrees Completed in 33818ms
109 timing reify:diffTrees Completed in 22ms
110 silly reify moves {}
111 timing reify:retireShallow Completed in 1ms
112 timing reify:createSparse Completed in 3ms
113 timing reify:loadBundles Completed in 0ms
114 silly audit bulk request {
114 silly audit   '@aashutoshrathi/word-wrap': [ '1.2.6' ],
114 silly audit   '@adobe/css-tools': [ '4.3.1' ],
114 silly audit   '@alloc/quick-lru': [ '5.2.0' ],
114 silly audit   '@ampproject/remapping': [ '2.2.1' ],
114 silly audit   '@babel/code-frame': [ '7.22.13' ],
114 silly audit   '@babel/compat-data': [ '7.22.20' ],
114 silly audit   '@babel/core': [ '7.23.0' ],
114 silly audit   semver: [ '6.3.1', '7.5.4' ],
114 silly audit   '@babel/eslint-parser': [ '7.22.15' ],
114 silly audit   'eslint-visitor-keys': [ '2.1.0', '3.4.3' ],
114 silly audit   '@babel/generator': [ '7.23.0' ],
114 silly audit   '@babel/helper-annotate-as-pure': [ '7.22.5' ],
114 silly audit   '@babel/helper-builder-binary-assignment-operator-visitor': [ '7.22.15' ],
114 silly audit   '@babel/helper-compilation-targets': [ '7.22.15' ],
114 silly audit   '@babel/helper-create-class-features-plugin': [ '7.22.15' ],
114 silly audit   '@babel/helper-create-regexp-features-plugin': [ '7.22.15' ],
114 silly audit   '@babel/helper-define-polyfill-provider': [ '0.4.2' ],
114 silly audit   '@babel/helper-environment-visitor': [ '7.22.20' ],
114 silly audit   '@babel/helper-function-name': [ '7.23.0' ],
114 silly audit   '@babel/helper-hoist-variables': [ '7.22.5' ],
114 silly audit   '@babel/helper-member-expression-to-functions': [ '7.23.0' ],
114 silly audit   '@babel/helper-module-imports': [ '7.22.15' ],
114 silly audit   '@babel/helper-module-transforms': [ '7.23.0' ],
114 silly audit   '@babel/helper-optimise-call-expression': [ '7.22.5' ],
114 silly audit   '@babel/helper-plugin-utils': [ '7.22.5' ],
114 silly audit   '@babel/helper-remap-async-to-generator': [ '7.22.20' ],
114 silly audit   '@babel/helper-replace-supers': [ '7.22.20' ],
114 silly audit   '@babel/helper-simple-access': [ '7.22.5' ],
114 silly audit   '@babel/helper-skip-transparent-expression-wrappers': [ '7.22.5' ],
114 silly audit   '@babel/helper-split-export-declaration': [ '7.22.6' ],
114 silly audit   '@babel/helper-string-parser': [ '7.22.5' ],
114 silly audit   '@babel/helper-validator-identifier': [ '7.22.20' ],
114 silly audit   '@babel/helper-validator-option': [ '7.22.15' ],
114 silly audit   '@babel/helper-wrap-function': [ '7.22.20' ],
114 silly audit   '@babel/helpers': [ '7.23.1' ],
114 silly audit   '@babel/highlight': [ '7.22.20' ],
114 silly audit   '@babel/parser': [ '7.23.0' ],
114 silly audit   '@babel/plugin-bugfix-safari-id-destructuring-collision-in-function-expression': [ '7.22.15' ],
114 silly audit   '@babel/plugin-bugfix-v8-spread-parameters-in-optional-chaining': [ '7.22.15' ],
114 silly audit   '@babel/plugin-proposal-class-properties': [ '7.18.6' ],
114 silly audit   '@babel/plugin-proposal-decorators': [ '7.23.0' ],
114 silly audit   '@babel/plugin-proposal-nullish-coalescing-operator': [ '7.18.6' ],
114 silly audit   '@babel/plugin-proposal-numeric-separator': [ '7.18.6' ],
114 silly audit   '@babel/plugin-proposal-optional-chaining': [ '7.21.0' ],
114 silly audit   '@babel/plugin-proposal-private-methods': [ '7.18.6' ],
114 silly audit   '@babel/plugin-proposal-private-property-in-object': [ '7.21.0-placeholder-for-preset-env.2' ],
114 silly audit   '@babel/plugin-syntax-async-generators': [ '7.8.4' ],
114 silly audit   '@babel/plugin-syntax-bigint': [ '7.8.3' ],
114 silly audit   '@babel/plugin-syntax-class-properties': [ '7.12.13' ],
114 silly audit   '@babel/plugin-syntax-class-static-block': [ '7.14.5' ],
114 silly audit   '@babel/plugin-syntax-decorators': [ '7.22.10' ],
114 silly audit   '@babel/plugin-syntax-dynamic-import': [ '7.8.3' ],
114 silly audit   '@babel/plugin-syntax-export-namespace-from': [ '7.8.3' ],
114 silly audit   '@babel/plugin-syntax-flow': [ '7.22.5' ],
114 silly audit   '@babel/plugin-syntax-import-assertions': [ '7.22.5' ],
114 silly audit   '@babel/plugin-syntax-import-attributes': [ '7.22.5' ],
114 silly audit   '@babel/plugin-syntax-import-meta': [ '7.10.4' ],
114 silly audit   '@babel/plugin-syntax-json-strings': [ '7.8.3' ],
114 silly audit   '@babel/plugin-syntax-jsx': [ '7.22.5' ],
114 silly audit   '@babel/plugin-syntax-logical-assignment-operators': [ '7.10.4' ],
114 silly audit   '@babel/plugin-syntax-nullish-coalescing-operator': [ '7.8.3' ],
114 silly audit   '@babel/plugin-syntax-numeric-separator': [ '7.10.4' ],
114 silly audit   '@babel/plugin-syntax-object-rest-spread': [ '7.8.3' ],
114 silly audit   '@babel/plugin-syntax-optional-catch-binding': [ '7.8.3' ],
114 silly audit   '@babel/plugin-syntax-optional-chaining': [ '7.8.3' ],
114 silly audit   '@babel/plugin-syntax-private-property-in-object': [ '7.14.5' ],
114 silly audit   '@babel/plugin-syntax-top-level-await': [ '7.14.5' ],
114 silly audit   '@babel/plugin-syntax-typescript': [ '7.22.5' ],
114 silly audit   '@babel/plugin-syntax-unicode-sets-regex': [ '7.18.6' ],
114 silly audit   '@babel/plugin-transform-arrow-functions': [ '7.22.5' ],
114 silly audit   '@babel/plugin-transform-async-generator-functions': [ '7.22.15' ],
114 silly audit   '@babel/plugin-transform-async-to-generator': [ '7.22.5' ],
114 silly audit   '@babel/plugin-transform-block-scoped-functions': [ '7.22.5' ],
114 silly audit   '@babel/plugin-transform-block-scoping': [ '7.23.0' ],
114 silly audit   '@babel/plugin-transform-class-properties': [ '7.22.5' ],
114 silly audit   '@babel/plugin-transform-class-static-block': [ '7.22.11' ],
114 silly audit   '@babel/plugin-transform-classes': [ '7.22.15' ],
114 silly audit   '@babel/plugin-transform-computed-properties': [ '7.22.5' ],
114 silly audit   '@babel/plugin-transform-destructuring': [ '7.23.0' ],
114 silly audit   '@babel/plugin-transform-dotall-regex': [ '7.22.5' ],
114 silly audit   '@babel/plugin-transform-duplicate-keys': [ '7.22.5' ],
114 silly audit   '@babel/plugin-transform-dynamic-import': [ '7.22.11' ],
114 silly audit   '@babel/plugin-transform-exponentiation-operator': [ '7.22.5' ],
114 silly audit   '@babel/plugin-transform-export-namespace-from': [ '7.22.11' ],
114 silly audit   '@babel/plugin-transform-flow-strip-types': [ '7.22.5' ],
114 silly audit   '@babel/plugin-transform-for-of': [ '7.22.15' ],
114 silly audit   '@babel/plugin-transform-function-name': [ '7.22.5' ],
114 silly audit   '@babel/plugin-transform-json-strings': [ '7.22.11' ],
114 silly audit   '@babel/plugin-transform-literals': [ '7.22.5' ],
114 silly audit   '@babel/plugin-transform-logical-assignment-operators': [ '7.22.11' ],
114 silly audit   '@babel/plugin-transform-member-expression-literals': [ '7.22.5' ],
114 silly audit   '@babel/plugin-transform-modules-amd': [ '7.23.0' ],
114 silly audit   '@babel/plugin-transform-modules-commonjs': [ '7.23.0' ],
114 silly audit   '@babel/plugin-transform-modules-systemjs': [ '7.23.0' ],
114 silly audit   '@babel/plugin-transform-modules-umd': [ '7.22.5' ],
114 silly audit   '@babel/plugin-transform-named-capturing-groups-regex': [ '7.22.5' ],
114 silly audit   '@babel/plugin-transform-new-target': [ '7.22.5' ],
114 silly audit   '@babel/plugin-transform-nullish-coalescing-operator': [ '7.22.11' ],
114 silly audit   '@babel/plugin-transform-numeric-separator': [ '7.22.11' ],
114 silly audit   '@babel/plugin-transform-object-rest-spread': [ '7.22.15' ],
114 silly audit   '@babel/plugin-transform-object-super': [ '7.22.5' ],
114 silly audit   '@babel/plugin-transform-optional-catch-binding': [ '7.22.11' ],
114 silly audit   '@babel/plugin-transform-optional-chaining': [ '7.23.0' ],
114 silly audit   '@babel/plugin-transform-parameters': [ '7.22.15' ],
114 silly audit   '@babel/plugin-transform-private-methods': [ '7.22.5' ],
114 silly audit   '@babel/plugin-transform-private-property-in-object': [ '7.22.11' ],
114 silly audit   '@babel/plugin-transform-property-literals': [ '7.22.5' ],
114 silly audit   '@babel/plugin-transform-react-constant-elements': [ '7.22.5' ],
114 silly audit   '@babel/plugin-transform-react-display-name': [ '7.22.5' ],
114 silly audit   '@babel/plugin-transform-react-jsx': [ '7.22.15' ],
114 silly audit   '@babel/plugin-transform-react-jsx-development': [ '7.22.5' ],
114 silly audit   '@babel/plugin-transform-react-pure-annotations': [ '7.22.5' ],
114 silly audit   '@babel/plugin-transform-regenerator': [ '7.22.10' ],
114 silly audit   '@babel/plugin-transform-reserved-words': [ '7.22.5' ],
114 silly audit   '@babel/plugin-transform-runtime': [ '7.22.15' ],
114 silly audit   '@babel/plugin-transform-shorthand-properties': [ '7.22.5' ],
114 silly audit   '@babel/plugin-transform-spread': [ '7.22.5' ],
114 silly audit   '@babel/plugin-transform-sticky-regex': [ '7.22.5' ],
114 silly audit   '@babel/plugin-transform-template-literals': [ '7.22.5' ],
114 silly audit   '@babel/plugin-transform-typeof-symbol': [ '7.22.5' ],
114 silly audit   '@babel/plugin-transform-typescript': [ '7.22.15' ],
114 silly audit   '@babel/plugin-transform-unicode-escapes': [ '7.22.10' ],
114 silly audit   '@babel/plugin-transform-unicode-property-regex': [ '7.22.5' ],
114 silly audit   '@babel/plugin-transform-unicode-regex': [ '7.22.5' ],
114 silly audit   '@babel/plugin-transform-unicode-sets-regex': [ '7.22.5' ],
114 silly audit   '@babel/preset-env': [ '7.22.20' ],
114 silly audit   '@babel/preset-modules': [ '0.1.6-no-external-plugins' ],
114 silly audit   '@babel/preset-react': [ '7.22.15' ],
114 silly audit   '@babel/preset-typescript': [ '7.23.0' ],
114 silly audit   '@babel/regjsgen': [ '0.8.0' ],
114 silly audit   '@babel/runtime': [ '7.23.1' ],
114 silly audit   '@babel/template': [ '7.22.15' ],
114 silly audit   '@babel/traverse': [ '7.23.0' ],
114 silly audit   '@babel/types': [ '7.23.0' ],
114 silly audit   '@bcoe/v8-coverage': [ '0.2.3' ],
114 silly audit   '@csstools/normalize.css': [ '12.0.0' ],
114 silly audit   '@csstools/postcss-cascade-layers': [ '1.1.1' ],
114 silly audit   '@csstools/postcss-color-function': [ '1.1.1' ],
114 silly audit   '@csstools/postcss-font-format-keywords': [ '1.0.1' ],
114 silly audit   '@csstools/postcss-hwb-function': [ '1.0.2' ],
114 silly audit   '@csstools/postcss-ic-unit': [ '1.0.1' ],
114 silly audit   '@csstools/postcss-is-pseudo-class': [ '2.0.7' ],
114 silly audit   '@csstools/postcss-nested-calc': [ '1.0.0' ],
114 silly audit   '@csstools/postcss-normalize-display-values': [ '1.0.1' ],
114 silly audit   '@csstools/postcss-oklab-function': [ '1.1.1' ],
114 silly audit   '@csstools/postcss-progressive-custom-properties': [ '1.3.0' ],
114 silly audit   '@csstools/postcss-stepped-value-functions': [ '1.0.1' ],
114 silly audit   '@csstools/postcss-text-decoration-shorthand': [ '1.0.0' ],
114 silly audit   '@csstools/postcss-trigonometric-functions': [ '1.0.2' ],
114 silly audit   '@csstools/postcss-unset-value': [ '1.0.2' ],
114 silly audit   '@csstools/selector-specificity': [ '2.2.0' ],
114 silly audit   '@eslint-community/eslint-utils': [ '4.4.0' ],
114 silly audit   '@eslint-community/regexpp': [ '4.9.1' ],
114 silly audit   '@eslint/eslintrc': [ '2.1.2' ],
114 silly audit   argparse: [ '2.0.1', '1.0.10' ],
114 silly audit   globals: [ '13.23.0', '11.12.0' ],
114 silly audit   'js-yaml': [ '4.1.0', '3.14.1' ],
114 silly audit   'type-fest': [ '0.20.2', '0.16.0', '0.21.3' ],
114 silly audit   '@eslint/js': [ '8.51.0' ],
114 silly audit   '@humanwhocodes/config-array': [ '0.11.11' ],
114 silly audit   '@humanwhocodes/module-importer': [ '1.0.1' ],
114 silly audit   '@humanwhocodes/object-schema': [ '1.2.1' ],
114 silly audit   '@istanbuljs/load-nyc-config': [ '1.1.0' ],
114 silly audit   camelcase: [ '5.3.1', '6.3.0' ],
114 silly audit   'find-up': [ '4.1.0', '5.0.0', '3.0.0' ],
114 silly audit   'locate-path': [ '5.0.0', '6.0.0', '3.0.0' ],
114 silly audit   'p-limit': [ '2.3.0', '3.1.0' ],
114 silly audit   'p-locate': [ '4.1.0', '5.0.0', '3.0.0' ],
114 silly audit   '@istanbuljs/schema': [ '0.1.3' ],
114 silly audit   '@jest/console': [ '27.5.1', '28.1.3' ],
114 silly audit   'ansi-styles': [ '4.3.0', '5.2.0', '3.2.1' ],
114 silly audit   chalk: [ '4.1.2', '3.0.0', '2.4.2' ],
114 silly audit   'color-convert': [ '2.0.1', '1.9.3' ],
114 silly audit   'color-name': [ '1.1.4', '1.1.3' ],
114 silly audit   'has-flag': [ '4.0.0', '3.0.0' ],
114 silly audit   'supports-color': [ '7.2.0', '8.1.1', '5.5.0' ],
114 silly audit   '@jest/core': [ '27.5.1' ],
114 silly audit   '@jest/environment': [ '27.5.1' ],
114 silly audit   '@jest/expect-utils': [ '29.7.0' ],
114 silly audit   'jest-get-type': [ '29.6.3', '27.5.1' ],
114 silly audit   '@jest/fake-timers': [ '27.5.1' ],
114 silly audit   '@jest/globals': [ '27.5.1' ],
114 silly audit   '@jest/reporters': [ '27.5.1' ],
114 silly audit   'source-map': [ '0.6.1', '0.7.4', '0.8.0-beta.0' ],
114 silly audit   '@jest/schemas': [ '28.1.3', '29.6.3' ],
114 silly audit   '@jest/source-map': [ '27.5.1' ],
114 silly audit   '@jest/test-result': [ '27.5.1', '28.1.3' ],
114 silly audit   '@jest/test-sequencer': [ '27.5.1' ],
114 silly audit   '@jest/transform': [ '27.5.1' ],
114 silly audit   'convert-source-map': [ '1.9.0', '2.0.0' ],
114 silly audit   '@jest/types': [ '27.5.1', '29.6.3', '28.1.3' ],
114 silly audit   '@jridgewell/gen-mapping': [ '0.3.3' ],
114 silly audit   '@jridgewell/resolve-uri': [ '3.1.1' ],
114 silly audit   '@jridgewell/set-array': [ '1.1.2' ],
114 silly audit   '@jridgewell/source-map': [ '0.3.5' ],
114 silly audit   '@jridgewell/sourcemap-codec': [ '1.4.15' ],
114 silly audit   '@jridgewell/trace-mapping': [ '0.3.19' ],
114 silly audit   '@kurkle/color': [ '0.3.2' ],
114 silly audit   '@leichtgewicht/ip-codec': [ '2.0.4' ],
114 silly audit   '@nicolo-ribaudo/eslint-scope-5-internals': [ '5.1.1-v1' ],
114 silly audit   'eslint-scope': [ '5.1.1', '7.2.2' ],
114 silly audit   estraverse: [ '4.3.0', '5.3.0' ],
114 silly audit   '@nodelib/fs.scandir': [ '2.1.5' ],
114 silly audit   '@nodelib/fs.stat': [ '2.0.5' ],
114 silly audit   '@nodelib/fs.walk': [ '1.2.8' ],
114 silly audit   '@pmmmwh/react-refresh-webpack-plugin': [ '0.5.11' ],
114 silly audit   '@rollup/plugin-babel': [ '5.3.1' ],
114 silly audit   '@rollup/plugin-node-resolve': [ '11.2.1' ],
114 silly audit   '@rollup/plugin-replace': [ '2.4.2' ],
114 silly audit   '@rollup/pluginutils': [ '3.1.0' ],
114 silly audit   '@types/estree': [ '0.0.39', '1.0.2' ],
114 silly audit   '@rushstack/eslint-patch': [ '1.5.1' ],
114 silly audit   '@sinclair/typebox': [ '0.24.51', '0.27.8' ],
114 silly audit   '@sinonjs/commons': [ '1.8.6' ],
114 silly audit   '@sinonjs/fake-timers': [ '8.1.0' ],
114 silly audit   '@surma/rollup-plugin-off-main-thread': [ '2.2.3' ],
114 silly audit   '@svgr/babel-plugin-add-jsx-attribute': [ '5.4.0' ],
114 silly audit   '@svgr/babel-plugin-remove-jsx-attribute': [ '5.4.0' ],
114 silly audit   '@svgr/babel-plugin-remove-jsx-empty-expression': [ '5.0.1' ],
114 silly audit   '@svgr/babel-plugin-replace-jsx-attribute-value': [ '5.0.1' ],
114 silly audit   '@svgr/babel-plugin-svg-dynamic-title': [ '5.4.0' ],
114 silly audit   '@svgr/babel-plugin-svg-em-dimensions': [ '5.4.0' ],
114 silly audit   '@svgr/babel-plugin-transform-react-native-svg': [ '5.4.0' ],
114 silly audit   '@svgr/babel-plugin-transform-svg-component': [ '5.5.0' ],
114 silly audit   '@svgr/babel-preset': [ '5.5.0' ],
114 silly audit   '@svgr/core': [ '5.5.0' ],
114 silly audit   '@svgr/hast-util-to-babel-ast': [ '5.5.0' ],
114 silly audit   '@svgr/plugin-jsx': [ '5.5.0' ],
114 silly audit   '@svgr/plugin-svgo': [ '5.5.0' ],
114 silly audit   '@svgr/webpack': [ '5.5.0' ],
114 silly audit   '@testing-library/dom': [ '9.3.3', '8.20.1' ],
114 silly audit   'aria-query': [ '5.1.3', '5.3.0' ],
114 silly audit   '@testing-library/jest-dom': [ '5.17.0' ],
114 silly audit   '@testing-library/react': [ '13.4.0' ],
114 silly audit   '@testing-library/user-event': [ '13.5.0' ],
114 silly audit   '@tootallnate/once': [ '1.1.2' ],
114 silly audit   '@trysound/sax': [ '0.2.0' ],
114 silly audit   '@types/aria-query': [ '5.0.2' ],
114 silly audit   '@types/babel__core': [ '7.20.2' ],
114 silly audit   '@types/babel__generator': [ '7.6.5' ],
114 silly audit   '@types/babel__template': [ '7.4.2' ],
114 silly audit   '@types/babel__traverse': [ '7.20.2' ],
114 silly audit   '@types/body-parser': [ '1.19.3' ],
114 silly audit   '@types/bonjour': [ '3.5.11' ],
114 silly audit   '@types/connect': [ '3.4.36' ],
114 silly audit   '@types/connect-history-api-fallback': [ '1.5.1' ],
114 silly audit   '@types/eslint': [ '8.44.3' ],
114 silly audit   '@types/eslint-scope': [ '3.7.5' ],
114 silly audit   '@types/express': [ '4.17.18' ],
114 silly audit   '@types/express-serve-static-core': [ '4.17.37' ],
114 silly audit   '@types/graceful-fs': [ '4.1.7' ],
114 silly audit   '@types/html-minifier-terser': [ '6.1.0' ],
114 silly audit   '@types/http-errors': [ '2.0.2' ],
114 silly audit   '@types/http-proxy': [ '1.17.12' ],
114 silly audit   '@types/istanbul-lib-coverage': [ '2.0.4' ],
114 silly audit   '@types/istanbul-lib-report': [ '3.0.1' ],
114 silly audit   '@types/istanbul-reports': [ '3.0.2' ],
114 silly audit   '@types/jest': [ '29.5.5' ],
114 silly audit   '@types/yargs': [ '17.0.28', '16.0.6' ],
114 silly audit   'diff-sequences': [ '29.6.3', '27.5.1' ],
114 silly audit   expect: [ '29.7.0', '27.5.1' ],
114 silly audit   'jest-diff': [ '29.7.0', '27.5.1' ],
114 silly audit   'jest-matcher-utils': [ '29.7.0', '27.5.1' ],
114 silly audit   'jest-message-util': [ '29.7.0', '27.5.1', '28.1.3' ],
114 silly audit   'jest-util': [ '29.7.0', '27.5.1', '28.1.3' ],
114 silly audit   'pretty-format': [ '29.7.0', '28.1.3', '27.5.1' ],
114 silly audit   'react-is': [ '18.2.0', '16.13.1', '17.0.2' ],
114 silly audit   '@types/json-schema': [ '7.0.13' ],
114 silly audit   '@types/json5': [ '0.0.29' ],
114 silly audit   '@types/mime': [ '1.3.3' ],
114 silly audit   '@types/node': [ '20.8.3' ],
114 silly audit   '@types/parse-json': [ '4.0.0' ],
114 silly audit   '@types/prettier': [ '2.7.3' ],
114 silly audit   '@types/prop-types': [ '15.7.8' ],
114 silly audit   '@types/q': [ '1.5.6' ],
114 silly audit   '@types/qs': [ '6.9.8' ],
114 silly audit   '@types/range-parser': [ '1.2.5' ],
114 silly audit   '@types/react': [ '18.2.25' ],
114 silly audit   '@types/react-dom': [ '18.2.11' ],
114 silly audit   '@types/react-transition-group': [ '4.4.7' ],
114 silly audit   '@types/resolve': [ '1.17.1' ],
114 silly audit   '@types/retry': [ '0.12.0' ],
114 silly audit   '@types/scheduler': [ '0.16.4' ],
114 silly audit   '@types/semver': [ '7.5.3' ],
114 silly audit   '@types/send': [ '0.17.2' ],
114 silly audit   '@types/serve-index': [ '1.9.2' ],
114 silly audit   '@types/serve-static': [ '1.15.3' ],
114 silly audit   '@types/sockjs': [ '0.3.34' ],
114 silly audit   '@types/stack-utils': [ '2.0.1' ],
114 silly audit   '@types/testing-library__jest-dom': [ '5.14.9' ],
114 silly audit   '@types/trusted-types': [ '2.0.4' ],
114 silly audit   '@types/ws': [ '8.5.6' ],
114 silly audit   '@types/yargs-parser': [ '21.0.1' ],
114 silly audit   '@typescript-eslint/eslint-plugin': [ '5.62.0' ],
114 silly audit   '@typescript-eslint/experimental-utils': [ '5.62.0' ],
114 silly audit   '@typescript-eslint/parser': [ '5.62.0' ],
114 silly audit   '@typescript-eslint/scope-manager': [ '5.62.0' ],
114 silly audit   '@typescript-eslint/type-utils': [ '5.62.0' ],
114 silly audit   '@typescript-eslint/types': [ '5.62.0' ],
114 silly audit   '@typescript-eslint/typescript-estree': [ '5.62.0' ],
114 silly audit   '@typescript-eslint/utils': [ '5.62.0' ],
114 silly audit   '@typescript-eslint/visitor-keys': [ '5.62.0' ],
114 silly audit   '@webassemblyjs/ast': [ '1.11.6' ],
114 silly audit   '@webassemblyjs/floating-point-hex-parser': [ '1.11.6' ],
114 silly audit   '@webassemblyjs/helper-api-error': [ '1.11.6' ],
114 silly audit   '@webassemblyjs/helper-buffer': [ '1.11.6' ],
114 silly audit   '@webassemblyjs/helper-numbers': [ '1.11.6' ],
114 silly audit   '@webassemblyjs/helper-wasm-bytecode': [ '1.11.6' ],
114 silly audit   '@webassemblyjs/helper-wasm-section': [ '1.11.6' ],
114 silly audit   '@webassemblyjs/ieee754': [ '1.11.6' ],
114 silly audit   '@webassemblyjs/leb128': [ '1.11.6' ],
114 silly audit   '@webassemblyjs/utf8': [ '1.11.6' ],
114 silly audit   '@webassemblyjs/wasm-edit': [ '1.11.6' ],
114 silly audit   '@webassemblyjs/wasm-gen': [ '1.11.6' ],
114 silly audit   '@webassemblyjs/wasm-opt': [ '1.11.6' ],
114 silly audit   '@webassemblyjs/wasm-parser': [ '1.11.6' ],
114 silly audit   '@webassemblyjs/wast-printer': [ '1.11.6' ],
114 silly audit   '@xtuc/ieee754': [ '1.2.0' ],
114 silly audit   '@xtuc/long': [ '4.2.2' ],
114 silly audit   abab: [ '2.0.6' ],
114 silly audit   accepts: [ '1.3.8' ],
114 silly audit   acorn: [ '8.10.0', '7.4.1' ],
114 silly audit   'acorn-globals': [ '6.0.0' ],
114 silly audit   'acorn-import-assertions': [ '1.9.0' ],
114 silly audit   'acorn-jsx': [ '5.3.2' ],
114 silly audit   'acorn-walk': [ '7.2.0' ],
114 silly audit   address: [ '1.2.2' ],
114 silly audit   'adjust-sourcemap-loader': [ '4.0.0' ],
114 silly audit   'agent-base': [ '6.0.2' ],
114 silly audit   ajv: [ '6.12.6', '8.12.0' ],
114 silly audit   'ajv-formats': [ '2.1.1' ],
114 silly audit   'json-schema-traverse': [ '1.0.0', '0.4.1' ],
114 silly audit   'ajv-keywords': [ '3.5.2', '5.1.0' ],
114 silly audit   'ansi-escapes': [ '4.3.2' ],
114 silly audit   'ansi-html-community': [ '0.0.8' ],
114 silly audit   'ansi-regex': [ '5.0.1', '6.0.1' ],
114 silly audit   'any-promise': [ '1.3.0' ],
114 silly audit   anymatch: [ '3.1.3' ],
114 silly audit   arg: [ '5.0.2' ],
114 silly audit   'array-buffer-byte-length': [ '1.0.0' ],
114 silly audit   'array-flatten': [ '2.1.2', '1.1.1' ],
114 silly audit   'array-includes': [ '3.1.7' ],
114 silly audit   'array-union': [ '2.1.0' ],
114 silly audit   'array.prototype.findlastindex': [ '1.2.3' ],
114 silly audit   'array.prototype.flat': [ '1.3.2' ],
114 silly audit   'array.prototype.flatmap': [ '1.3.2' ],
114 silly audit   'array.prototype.reduce': [ '1.0.6' ],
114 silly audit   'array.prototype.tosorted': [ '1.1.2' ],
114 silly audit   'arraybuffer.prototype.slice': [ '1.0.2' ],
114 silly audit   asap: [ '2.0.6' ],
114 silly audit   'ast-types-flow': [ '0.0.7' ],
114 silly audit   async: [ '3.2.4' ],
114 silly audit   'asynciterator.prototype': [ '1.0.0' ],
114 silly audit   asynckit: [ '0.4.0' ],
114 silly audit   'at-least-node': [ '1.0.0' ],
114 silly audit   autoprefixer: [ '10.4.16' ],
114 silly audit   'available-typed-arrays': [ '1.0.5' ],
114 silly audit   'axe-core': [ '4.8.2' ],
114 silly audit   'axobject-query': [ '3.2.1' ],
114 silly audit   'babel-jest': [ '27.5.1' ],
114 silly audit   'babel-loader': [ '8.3.0' ],
114 silly audit   'schema-utils': [ '2.7.1', '4.2.0', '2.7.0', '3.3.0' ],
114 silly audit   'babel-plugin-istanbul': [ '6.1.1' ],
114 silly audit   'babel-plugin-jest-hoist': [ '27.5.1' ],
114 silly audit   'babel-plugin-macros': [ '3.1.0' ],
114 silly audit   'babel-plugin-named-asset-import': [ '0.3.8' ],
114 silly audit   'babel-plugin-polyfill-corejs2': [ '0.4.5' ],
114 silly audit   'babel-plugin-polyfill-corejs3': [ '0.8.4' ],
114 silly audit   'babel-plugin-polyfill-regenerator': [ '0.5.2' ],
114 silly audit   'babel-plugin-transform-react-remove-prop-types': [ '0.4.24' ],
114 silly audit   'babel-preset-current-node-syntax': [ '1.0.1' ],
114 silly audit   'babel-preset-jest': [ '27.5.1' ],
114 silly audit   'babel-preset-react-app': [ '10.0.1' ],
114 silly audit   'balanced-match': [ '1.0.2' ],
114 silly audit   batch: [ '0.6.1' ],
114 silly audit   bfj: [ '7.1.0' ],
114 silly audit   'big.js': [ '5.2.2' ],
114 silly audit   'binary-extensions': [ '2.2.0' ],
114 silly audit   bluebird: [ '3.7.2' ],
114 silly audit   'body-parser': [ '1.20.1' ],
114 silly audit   bytes: [ '3.1.2', '3.0.0' ],
114 silly audit   debug: [ '2.6.9', '4.3.4', '3.2.7' ],
114 silly audit   'iconv-lite': [ '0.4.24', '0.6.3' ],
114 silly audit   ms: [ '2.0.0', '2.1.2', '2.1.3' ],
114 silly audit   'bonjour-service': [ '1.1.1' ],
114 silly audit   boolbase: [ '1.0.0' ],
114 silly audit   'brace-expansion': [ '1.1.11', '2.0.1' ],
114 silly audit   braces: [ '3.0.2' ],
114 silly audit   'browser-process-hrtime': [ '1.0.0' ],
114 silly audit   browserslist: [ '4.22.1' ],
114 silly audit   bser: [ '2.1.1' ],
114 silly audit   'buffer-from': [ '1.1.2' ],
114 silly audit   'builtin-modules': [ '3.3.0' ],
114 silly audit   'call-bind': [ '1.0.2' ],
114 silly audit   callsites: [ '3.1.0' ],
114 silly audit   'camel-case': [ '4.1.2' ],
114 silly audit   'camelcase-css': [ '2.0.1' ],
114 silly audit   'caniuse-api': [ '3.0.0' ],
114 silly audit   'caniuse-lite': [ '1.0.30001546' ],
114 silly audit   'case-sensitive-paths-webpack-plugin': [ '2.4.0' ],
114 silly audit   'char-regex': [ '1.0.2', '2.0.1' ],
114 silly audit   'chart.js': [ '4.2.1' ],
114 silly audit   'check-types': [ '11.2.3' ],
114 silly audit   chokidar: [ '3.5.3' ],
114 silly audit   'glob-parent': [ '5.1.2', '6.0.2' ],
114 silly audit   'chrome-trace-event': [ '1.0.3' ],
114 silly audit   'ci-info': [ '3.9.0' ],
114 silly audit   'cjs-module-lexer': [ '1.2.3' ],
114 silly audit   'clean-css': [ '5.3.2' ],
114 silly audit   cliui: [ '7.0.4' ],
114 silly audit   co: [ '4.6.0' ],
114 silly audit   coa: [ '2.0.2' ],
114 silly audit   'collect-v8-coverage': [ '1.0.2' ],
114 silly audit   colord: [ '2.9.3' ],
114 silly audit   colorette: [ '2.0.20' ],
114 silly audit   'combined-stream': [ '1.0.8' ],
114 silly audit   commander: [ '8.3.0', '7.2.0', '4.1.1', '2.20.3' ],
114 silly audit   'common-path-prefix': [ '3.0.0' ],
114 silly audit   'common-tags': [ '1.8.2' ],
114 silly audit   commondir: [ '1.0.1' ],
114 silly audit   compressible: [ '2.0.18' ],
114 silly audit   compression: [ '1.7.4' ],
114 silly audit   'safe-buffer': [ '5.1.2', '5.2.1' ],
114 silly audit   'concat-map': [ '0.0.1' ],
114 silly audit   'confusing-browser-globals': [ '1.0.11' ],
114 silly audit   'connect-history-api-fallback': [ '2.0.0' ],
114 silly audit   'content-disposition': [ '0.5.4' ],
114 silly audit   'content-type': [ '1.0.5' ],
114 silly audit   cookie: [ '0.5.0' ],
114 silly audit   'cookie-signature': [ '1.0.6' ],
114 silly audit   'core-js': [ '3.33.0' ],
114 silly audit   'core-js-compat': [ '3.33.0' ],
114 silly audit   'core-js-pure': [ '3.33.0' ],
114 silly audit   'core-util-is': [ '1.0.3' ],
114 silly audit   cosmiconfig: [ '7.1.0', '6.0.0' ],
114 silly audit   'cross-spawn': [ '7.0.3' ],
114 silly audit   'crypto-random-string': [ '2.0.0' ],
114 silly audit   'css-blank-pseudo': [ '3.0.3' ],
114 silly audit   'css-declaration-sorter': [ '6.4.1' ],
114 silly audit   'css-has-pseudo': [ '3.0.4' ],
114 silly audit   'css-loader': [ '6.8.1' ],
114 silly audit   'css-minimizer-webpack-plugin': [ '3.4.1' ],
114 silly audit   'css-prefers-color-scheme': [ '6.0.3' ],
114 silly audit   'css-select': [ '4.3.0', '2.1.0' ],
114 silly audit   'css-select-base-adapter': [ '0.1.1' ],
114 silly audit   'css-tree': [ '1.0.0-alpha.37', '1.1.3' ],
114 silly audit   'css-what': [ '6.1.0', '3.4.2' ],
114 silly audit   'css.escape': [ '1.5.1' ],
114 silly audit   cssdb: [ '7.7.3' ],
114 silly audit   cssesc: [ '3.0.0' ],
114 silly audit   cssnano: [ '5.1.15' ],
114 silly audit   'cssnano-preset-default': [ '5.2.14' ],
114 silly audit   'cssnano-utils': [ '3.1.0' ],
114 silly audit   csso: [ '4.2.0' ],
114 silly audit   'mdn-data': [ '2.0.14', '2.0.4' ],
114 silly audit   cssom: [ '0.4.4', '0.3.8' ],
114 silly audit   cssstyle: [ '2.3.0' ],
114 silly audit   csstype: [ '3.1.2' ],
114 silly audit   'damerau-levenshtein': [ '1.0.8' ],
114 silly audit   'data-urls': [ '2.0.0' ],
114 silly audit   'decimal.js': [ '10.4.3' ],
114 silly audit   dedent: [ '0.7.0' ],
114 silly audit   'deep-equal': [ '2.2.2' ],
114 silly audit   'deep-is': [ '0.1.4' ],
114 silly audit   deepmerge: [ '4.3.1' ],
114 silly audit   'default-gateway': [ '6.0.3' ],
114 silly audit   'define-data-property': [ '1.1.0' ],
114 silly audit   'define-lazy-prop': [ '2.0.0' ],
114 silly audit   'define-properties': [ '1.2.1' ],
114 silly audit   'delayed-stream': [ '1.0.0' ],
114 silly audit   depd: [ '2.0.0', '1.1.2' ],
114 silly audit   dequal: [ '2.0.3' ],
114 silly audit   destroy: [ '1.2.0' ],
114 silly audit   'detect-newline': [ '3.1.0' ],
114 silly audit   'detect-node': [ '2.1.0' ],
114 silly audit   'detect-port-alt': [ '1.1.6' ],
114 silly audit   didyoumean: [ '1.2.2' ],
114 silly audit   'dir-glob': [ '3.0.1' ],
114 silly audit   dlv: [ '1.1.3' ],
114 silly audit   'dns-equal': [ '1.0.0' ],
114 silly audit   'dns-packet': [ '5.6.1' ],
114 silly audit   doctrine: [ '3.0.0', '2.1.0' ],
114 silly audit   'dom-accessibility-api': [ '0.5.16' ],
114 silly audit   'dom-converter': [ '0.2.0' ],
114 silly audit   'dom-helpers': [ '5.2.1' ],
114 silly audit   'dom-serializer': [ '1.4.1', '0.2.2' ],
114 silly audit   domelementtype: [ '2.3.0', '1.3.1' ],
114 silly audit   domexception: [ '2.0.1' ],
114 silly audit   'webidl-conversions': [ '5.0.0', '6.1.0', '4.0.2' ],
114 silly audit   domhandler: [ '4.3.1' ],
114 silly audit   domutils: [ '2.8.0', '1.7.0' ],
114 silly audit   'dot-case': [ '3.0.4' ],
114 silly audit   dotenv: [ '10.0.0' ],
114 silly audit   'dotenv-expand': [ '5.1.0' ],
114 silly audit   duplexer: [ '0.1.2' ],
114 silly audit   'ee-first': [ '1.1.1' ],
114 silly audit   ejs: [ '3.1.9' ],
114 silly audit   'electron-to-chromium': [ '1.4.544' ],
114 silly audit   emittery: [ '0.8.1', '0.10.2' ],
114 silly audit   'emoji-regex': [ '9.2.2', '8.0.0' ],
114 silly audit   'emojis-list': [ '3.0.0' ],
114 silly audit   encodeurl: [ '1.0.2' ],
114 silly audit   'enhanced-resolve': [ '5.15.0' ],
114 silly audit   entities: [ '2.2.0' ],
114 silly audit   'error-ex': [ '1.3.2' ],
114 silly audit   'error-stack-parser': [ '2.1.4' ],
114 silly audit   'es-abstract': [ '1.22.2' ],
114 silly audit   'es-array-method-boxes-properly': [ '1.0.0' ],
114 silly audit   'es-get-iterator': [ '1.1.3' ],
114 silly audit   'es-iterator-helpers': [ '1.0.15' ],
114 silly audit   'es-module-lexer': [ '1.3.1' ],
114 silly audit   'es-set-tostringtag': [ '2.0.1' ],
114 silly audit   'es-shim-unscopables': [ '1.0.0' ],
114 silly audit   'es-to-primitive': [ '1.2.1' ],
114 silly audit   escalade: [ '3.1.1' ],
114 silly audit   'escape-html': [ '1.0.3' ],
114 silly audit   'escape-string-regexp': [ '1.0.5', '4.0.0', '2.0.0' ],
114 silly audit   escodegen: [ '2.1.0', '1.14.3' ],
114 silly audit   eslint: [ '8.51.0' ],
114 silly audit   'eslint-config-react-app': [ '7.0.1' ],
114 silly audit   'eslint-import-resolver-node': [ '0.3.9' ],
114 silly audit   'eslint-module-utils': [ '2.8.0' ],
114 silly audit   'eslint-plugin-flowtype': [ '8.0.3' ],
114 silly audit   'eslint-plugin-import': [ '2.28.1' ],
114 silly audit   'eslint-plugin-jest': [ '25.7.0' ],
114 silly audit   'eslint-plugin-jsx-a11y': [ '6.7.1' ],
114 silly audit   'eslint-plugin-react': [ '7.33.2' ],
114 silly audit   'eslint-plugin-react-hooks': [ '4.6.0' ],
114 silly audit   resolve: [ '2.0.0-next.4', '1.22.6' ],
114 silly audit   'eslint-plugin-testing-library': [ '5.11.1' ],
114 silly audit   'eslint-webpack-plugin': [ '3.2.0' ],
114 silly audit   'jest-worker': [ '28.1.3', '27.5.1', '26.6.2' ],
114 silly audit   espree: [ '9.6.1' ],
114 silly audit   esprima: [ '4.0.1', '1.2.2' ],
114 silly audit   esquery: [ '1.5.0' ],
114 silly audit   esrecurse: [ '4.3.0' ],
114 silly audit   'estree-walker': [ '1.0.1' ],
114 silly audit   esutils: [ '2.0.3' ],
114 silly audit   etag: [ '1.8.1' ],
114 silly audit   eventemitter3: [ '4.0.7' ],
114 silly audit   events: [ '3.3.0' ],
114 silly audit   execa: [ '5.1.1' ],
114 silly audit   exit: [ '0.1.2' ],
114 silly audit   express: [ '4.18.2' ],
114 silly audit   'fast-deep-equal': [ '3.1.3' ],
114 silly audit   'fast-glob': [ '3.3.1' ],
114 silly audit   'fast-json-stable-stringify': [ '2.1.0' ],
114 silly audit   'fast-levenshtein': [ '2.0.6' ],
114 silly audit   fastq: [ '1.15.0' ],
114 silly audit   'faye-websocket': [ '0.11.4' ],
114 silly audit   'fb-watchman': [ '2.0.2' ],
114 silly audit   'file-entry-cache': [ '6.0.1' ],
114 silly audit   'file-loader': [ '6.2.0' ],
114 silly audit   filelist: [ '1.0.4' ],
114 silly audit   minimatch: [ '5.1.6', '3.1.2' ],
114 silly audit   filesize: [ '8.0.7' ],
114 silly audit   'fill-range': [ '7.0.1' ],
114 silly audit   finalhandler: [ '1.2.0' ],
114 silly audit   'find-cache-dir': [ '3.3.2' ],
114 silly audit   'flat-cache': [ '3.1.1' ],
114 silly audit   flatted: [ '3.2.9' ],
114 silly audit   'follow-redirects': [ '1.15.3' ],
114 silly audit   'for-each': [ '0.3.3' ],
114 silly audit   'fork-ts-checker-webpack-plugin': [ '6.5.3' ],
114 silly audit   'fs-extra': [ '9.1.0', '10.1.0' ],
114 silly audit   tapable: [ '1.1.3', '2.2.1' ],
114 silly audit   'form-data': [ '3.0.1', '4.0.0' ],
114 silly audit   forwarded: [ '0.2.0' ],
114 silly audit   'fraction.js': [ '4.3.6' ],
114 silly audit   fresh: [ '0.5.2' ],
114 silly audit   'fs-monkey': [ '1.0.5' ],
114 silly audit   'fs.realpath': [ '1.0.0' ],
114 silly audit   fsevents: [ '2.3.3' ],
114 silly audit   'function-bind': [ '1.1.1' ],
114 silly audit   'function.prototype.name': [ '1.1.6' ],
114 silly audit   'functions-have-names': [ '1.2.3' ],
114 silly audit   gensync: [ '1.0.0-beta.2' ],
114 silly audit   'get-caller-file': [ '2.0.5' ],
114 silly audit   'get-intrinsic': [ '1.2.1' ],
114 silly audit   'get-own-enumerable-property-symbols': [ '3.0.2' ],
114 silly audit   'get-package-type': [ '0.1.0' ],
114 silly audit   'get-stream': [ '6.0.1' ],
114 silly audit   'get-symbol-description': [ '1.0.0' ],
114 silly audit   glob: [ '7.2.3', '7.1.6' ],
114 silly audit   'glob-to-regexp': [ '0.4.1' ],
114 silly audit   'global-modules': [ '2.0.0' ],
114 silly audit   'global-prefix': [ '3.0.0' ],
114 silly audit   which: [ '1.3.1', '2.0.2' ],
114 silly audit   globalthis: [ '1.0.3' ],
114 silly audit   globby: [ '11.1.0' ],
114 silly audit   gopd: [ '1.0.1' ],
114 silly audit   'graceful-fs': [ '4.2.11' ],
114 silly audit   graphemer: [ '1.4.0' ],
114 silly audit   'gzip-size': [ '6.0.0' ],
114 silly audit   'handle-thing': [ '2.0.1' ],
114 silly audit   'harmony-reflect': [ '1.6.2' ],
114 silly audit   has: [ '1.0.4' ],
114 silly audit   'has-bigints': [ '1.0.2' ],
114 silly audit   'has-property-descriptors': [ '1.0.0' ],
114 silly audit   'has-proto': [ '1.0.1' ],
114 silly audit   'has-symbols': [ '1.0.3' ],
114 silly audit   'has-tostringtag': [ '1.0.0' ],
114 silly audit   he: [ '1.2.0' ],
114 silly audit   hoopy: [ '0.1.4' ],
114 silly audit   'hpack.js': [ '2.1.6' ],
114 silly audit   isarray: [ '1.0.0', '2.0.5' ],
114 silly audit   'readable-stream': [ '2.3.8', '3.6.2' ],
114 silly audit   string_decoder: [ '1.1.1', '1.3.0' ],
114 silly audit   'html-encoding-sniffer': [ '2.0.1' ],
114 silly audit   'html-entities': [ '2.4.0' ],
114 silly audit   'html-escaper': [ '2.0.2' ],
114 silly audit   'html-minifier-terser': [ '6.1.0' ],
114 silly audit   'html-webpack-plugin': [ '5.5.3' ],
114 silly audit   htmlparser2: [ '6.1.0' ],
114 silly audit   'http-deceiver': [ '1.2.7' ],
114 silly audit   'http-errors': [ '2.0.0', '1.6.3' ],
114 silly audit   'http-parser-js': [ '0.5.8' ],
114 silly audit   'http-proxy': [ '1.18.1' ],
114 silly audit   'http-proxy-agent': [ '4.0.1' ],
114 silly audit   'http-proxy-middleware': [ '2.0.6' ],
114 silly audit   'https-proxy-agent': [ '5.0.1' ],
114 silly audit   'human-signals': [ '2.1.0' ],
114 silly audit   'icss-utils': [ '5.1.0' ],
114 silly audit   idb: [ '7.1.1' ],
114 silly audit   'identity-obj-proxy': [ '3.0.0' ],
114 silly audit   ignore: [ '5.2.4' ],
114 silly audit   immer: [ '9.0.21' ],
114 silly audit   'import-fresh': [ '3.3.0' ],
114 silly audit   'resolve-from': [ '4.0.0', '5.0.0' ],
114 silly audit   'import-local': [ '3.1.0' ],
114 silly audit   imurmurhash: [ '0.1.4' ],
114 silly audit   'indent-string': [ '4.0.0' ],
114 silly audit   inflight: [ '1.0.6' ],
114 silly audit   inherits: [ '2.0.4', '2.0.3' ],
114 silly audit   ini: [ '1.3.8' ],
114 silly audit   'internal-slot': [ '1.0.5' ],
114 silly audit   'ipaddr.js': [ '2.1.0', '1.9.1' ],
114 silly audit   'is-arguments': [ '1.1.1' ],
114 silly audit   'is-array-buffer': [ '3.0.2' ],
114 silly audit   'is-arrayish': [ '0.2.1' ],
114 silly audit   'is-async-function': [ '2.0.0' ],
114 silly audit   'is-bigint': [ '1.0.4' ],
114 silly audit   'is-binary-path': [ '2.1.0' ],
114 silly audit   'is-boolean-object': [ '1.1.2' ],
114 silly audit   'is-callable': [ '1.2.7' ],
114 silly audit   'is-core-module': [ '2.13.0' ],
114 silly audit   'is-date-object': [ '1.0.5' ],
114 silly audit   'is-docker': [ '2.2.1' ],
114 silly audit   'is-extglob': [ '2.1.1' ],
114 silly audit   'is-finalizationregistry': [ '1.0.2' ],
114 silly audit   'is-fullwidth-code-point': [ '3.0.0' ],
114 silly audit   'is-generator-fn': [ '2.1.0' ],
114 silly audit   'is-generator-function': [ '1.0.10' ],
114 silly audit   'is-glob': [ '4.0.3' ],
114 silly audit   'is-map': [ '2.0.2' ],
114 silly audit   'is-module': [ '1.0.0' ],
114 silly audit   'is-negative-zero': [ '2.0.2' ],
114 silly audit   'is-number': [ '7.0.0' ],
114 silly audit   'is-number-object': [ '1.0.7' ],
114 silly audit   'is-obj': [ '1.0.1' ],
114 silly audit   'is-path-inside': [ '3.0.3' ],
114 silly audit   'is-plain-obj': [ '3.0.0' ],
114 silly audit   'is-potential-custom-element-name': [ '1.0.1' ],
114 silly audit   'is-regex': [ '1.1.4' ],
114 silly audit   'is-regexp': [ '1.0.0' ],
114 silly audit   'is-root': [ '2.1.0' ],
114 silly audit   'is-set': [ '2.0.2' ],
114 silly audit   'is-shared-array-buffer': [ '1.0.2' ],
114 silly audit   'is-stream': [ '2.0.1' ],
114 silly audit   'is-string': [ '1.0.7' ],
114 silly audit   'is-symbol': [ '1.0.4' ],
114 silly audit   'is-typed-array': [ '1.1.12' ],
114 silly audit   'is-typedarray': [ '1.0.0' ],
114 silly audit   'is-weakmap': [ '2.0.1' ],
114 silly audit   'is-weakref': [ '1.0.2' ],
114 silly audit   'is-weakset': [ '2.0.2' ],
114 silly audit   'is-wsl': [ '2.2.0' ],
114 silly audit   isexe: [ '2.0.0' ],
114 silly audit   'istanbul-lib-coverage': [ '3.2.0' ],
114 silly audit   'istanbul-lib-instrument': [ '5.2.1' ],
114 silly audit   'istanbul-lib-report': [ '3.0.1' ],
114 silly audit   'make-dir': [ '4.0.0', '3.1.0' ],
114 silly audit   'istanbul-lib-source-maps': [ '4.0.1' ],
114 silly audit   'istanbul-reports': [ '3.1.6' ],
114 silly audit   'iterator.prototype': [ '1.1.2' ],
114 silly audit   jake: [ '10.8.7' ],
114 silly audit   jest: [ '27.5.1' ],
114 silly audit   'jest-changed-files': [ '27.5.1' ],
114 silly audit   'jest-circus': [ '27.5.1' ],
114 silly audit   'jest-cli': [ '27.5.1' ],
114 silly audit   'jest-config': [ '27.5.1' ],
114 silly audit   'jest-docblock': [ '27.5.1' ],
114 silly audit   'jest-each': [ '27.5.1' ],
114 silly audit   'jest-environment-jsdom': [ '27.5.1' ],
114 silly audit   'jest-environment-node': [ '27.5.1' ],
114 silly audit   'jest-haste-map': [ '27.5.1' ],
114 silly audit   'jest-jasmine2': [ '27.5.1' ],
114 silly audit   'jest-leak-detector': [ '27.5.1' ],
114 silly audit   'jest-mock': [ '27.5.1' ],
114 silly audit   'jest-pnp-resolver': [ '1.2.3' ],
114 silly audit   'jest-regex-util': [ '27.5.1', '28.0.2' ],
114 silly audit   'jest-resolve': [ '27.5.1' ],
114 silly audit   'jest-resolve-dependencies': [ '27.5.1' ],
114 silly audit   'jest-runner': [ '27.5.1' ],
114 silly audit   'jest-runtime': [ '27.5.1' ],
114 silly audit   'jest-serializer': [ '27.5.1' ],
114 silly audit   'jest-snapshot': [ '27.5.1' ],
114 silly audit   'jest-validate': [ '27.5.1' ],
114 silly audit   'jest-watch-typeahead': [ '1.1.0' ],
114 silly audit   slash: [ '3.0.0', '4.0.0' ],
114 silly audit   'jest-watcher': [ '28.1.3', '27.5.1' ],
114 silly audit   'string-length': [ '4.0.2', '5.0.1' ],
114 silly audit   'strip-ansi': [ '6.0.1', '7.1.0' ],
114 silly audit   jiti: [ '1.20.0' ],
114 silly audit   'js-tokens': [ '4.0.0' ],
114 silly audit   jsdom: [ '16.7.0' ],
114 silly audit   jsesc: [ '2.5.2', '0.5.0' ],
114 silly audit   'json-buffer': [ '3.0.1' ],
114 silly audit   'json-parse-even-better-errors': [ '2.3.1' ],
114 silly audit   'json-schema': [ '0.4.0' ],
114 silly audit   'json-stable-stringify-without-jsonify': [ '1.0.1' ],
114 silly audit   json5: [ '2.2.3', '1.0.2' ],
114 silly audit   jsonfile: [ '6.1.0' ],
114 silly audit   jsonpath: [ '1.1.1' ],
114 silly audit   jsonpointer: [ '5.0.1' ],
114 silly audit   'jsx-ast-utils': [ '3.3.5' ],
114 silly audit   keyv: [ '4.5.4' ],
114 silly audit   'kind-of': [ '6.0.3' ],
114 silly audit   kleur: [ '3.0.3' ],
114 silly audit   klona: [ '2.0.6' ],
114 silly audit   'language-subtag-registry': [ '0.3.22' ],
114 silly audit   'language-tags': [ '1.0.5' ],
114 silly audit   'launch-editor': [ '2.6.1' ],
114 silly audit   leven: [ '3.1.0' ],
114 silly audit   levn: [ '0.4.1', '0.3.0' ],
114 silly audit   lilconfig: [ '2.1.0' ],
114 silly audit   'lines-and-columns': [ '1.2.4' ],
114 silly audit   'loader-runner': [ '4.3.0' ],
114 silly audit   'loader-utils': [ '2.0.4', '3.2.1' ],
114 silly audit   lodash: [ '4.17.21' ],
114 silly audit   'lodash.debounce': [ '4.0.8' ],
114 silly audit   'lodash.memoize': [ '4.1.2' ],
114 silly audit   'lodash.merge': [ '4.6.2' ],
114 silly audit   'lodash.sortby': [ '4.7.0' ],
114 silly audit   'lodash.uniq': [ '4.5.0' ],
114 silly audit   'loose-envify': [ '1.4.0' ],
114 silly audit   'lower-case': [ '2.0.2' ],
114 silly audit   'lru-cache': [ '5.1.1', '6.0.0' ],
114 silly audit   'lz-string': [ '1.5.0' ],
114 silly audit   'magic-string': [ '0.25.9' ],
114 silly audit   makeerror: [ '1.0.12' ],
114 silly audit   'media-typer': [ '0.3.0' ],
114 silly audit   memfs: [ '3.5.3' ],
114 silly audit   'merge-descriptors': [ '1.0.1' ],
114 silly audit   'merge-stream': [ '2.0.0' ],
114 silly audit   merge2: [ '1.4.1' ],
114 silly audit   methods: [ '1.1.2' ],
114 silly audit   micromatch: [ '4.0.5' ],
114 silly audit   mime: [ '1.6.0' ],
114 silly audit   'mime-db': [ '1.52.0' ],
114 silly audit   'mime-types': [ '2.1.35' ],
114 silly audit   'mimic-fn': [ '2.1.0' ],
114 silly audit   'min-indent': [ '1.0.1' ],
114 silly audit   'mini-css-extract-plugin': [ '2.7.6' ],
114 silly audit   'minimalistic-assert': [ '1.0.1' ],
114 silly audit   minimist: [ '1.2.8' ],
114 silly audit   mkdirp: [ '0.5.6' ],
114 silly audit   'multicast-dns': [ '7.2.5' ],
114 silly audit   mz: [ '2.7.0' ],
114 silly audit   nanoid: [ '3.3.6' ],
114 silly audit   'natural-compare': [ '1.4.0' ],
114 silly audit   'natural-compare-lite': [ '1.4.0' ],
114 silly audit   negotiator: [ '0.6.3' ],
114 silly audit   'neo-async': [ '2.6.2' ],
114 silly audit   'no-case': [ '3.0.4' ],
114 silly audit   'node-forge': [ '1.3.1' ],
114 silly audit   'node-int64': [ '0.4.0' ],
114 silly audit   'node-releases': [ '2.0.13' ],
114 silly audit   'normalize-path': [ '3.0.0' ],
114 silly audit   'normalize-range': [ '0.1.2' ],
114 silly audit   'normalize-url': [ '6.1.0' ],
114 silly audit   'npm-run-path': [ '4.0.1' ],
114 silly audit   'nth-check': [ '2.1.1', '1.0.2' ],
114 silly audit   nwsapi: [ '2.2.7' ],
114 silly audit   'object-assign': [ '4.1.1' ],
114 silly audit   'object-hash': [ '3.0.0' ],
114 silly audit   'object-inspect': [ '1.12.3' ],
114 silly audit   'object-is': [ '1.1.5' ],
114 silly audit   'object-keys': [ '1.1.1' ],
114 silly audit   'object.assign': [ '4.1.4' ],
114 silly audit   'object.entries': [ '1.1.7' ],
114 silly audit   'object.fromentries': [ '2.0.7' ],
114 silly audit   'object.getownpropertydescriptors': [ '2.1.7' ],
114 silly audit   'object.groupby': [ '1.0.1' ],
114 silly audit   'object.hasown': [ '1.1.3' ],
114 silly audit   'object.values': [ '1.1.7' ],
114 silly audit   obuf: [ '1.1.2' ],
114 silly audit   'on-finished': [ '2.4.1' ],
114 silly audit   'on-headers': [ '1.0.2' ],
114 silly audit   once: [ '1.4.0' ],
114 silly audit   onetime: [ '5.1.2' ],
114 silly audit   open: [ '8.4.2' ],
114 silly audit   optionator: [ '0.9.3', '0.8.3' ],
114 silly audit   'p-retry': [ '4.6.2' ],
114 silly audit   'p-try': [ '2.2.0' ],
114 silly audit   'param-case': [ '3.0.4' ],
114 silly audit   'parent-module': [ '1.0.1' ],
114 silly audit   'parse-json': [ '5.2.0' ],
114 silly audit   parse5: [ '6.0.1' ],
114 silly audit   parseurl: [ '1.3.3' ],
114 silly audit   'pascal-case': [ '3.1.2' ],
114 silly audit   'path-exists': [ '4.0.0', '3.0.0' ],
114 silly audit   'path-is-absolute': [ '1.0.1' ],
114 silly audit   'path-key': [ '3.1.1' ],
114 silly audit   'path-parse': [ '1.0.7' ],
114 silly audit   'path-to-regexp': [ '0.1.7' ],
114 silly audit   'path-type': [ '4.0.0' ],
114 silly audit   'performance-now': [ '2.1.0' ],
114 silly audit   picocolors: [ '1.0.0', '0.2.1' ],
114 silly audit   picomatch: [ '2.3.1' ],
114 silly audit   pify: [ '2.3.0' ],
114 silly audit   pirates: [ '4.0.6' ],
114 silly audit   'pkg-dir': [ '4.2.0' ],
114 silly audit   'pkg-up': [ '3.1.0' ],
114 silly audit   postcss: [ '8.4.31', '7.0.39' ],
114 silly audit   'postcss-attribute-case-insensitive': [ '5.0.2' ],
114 silly audit   'postcss-browser-comments': [ '4.0.0' ],
114 silly audit   'postcss-calc': [ '8.2.4' ],
114 silly audit   'postcss-clamp': [ '4.1.0' ],
114 silly audit   'postcss-color-functional-notation': [ '4.2.4' ],
114 silly audit   'postcss-color-hex-alpha': [ '8.0.4' ],
114 silly audit   'postcss-color-rebeccapurple': [ '7.1.1' ],
114 silly audit   'postcss-colormin': [ '5.3.1' ],
114 silly audit   'postcss-convert-values': [ '5.1.3' ],
114 silly audit   'postcss-custom-media': [ '8.0.2' ],
114 silly audit   'postcss-custom-properties': [ '12.1.11' ],
114 silly audit   'postcss-custom-selectors': [ '6.0.3' ],
114 silly audit   'postcss-dir-pseudo-class': [ '6.0.5' ],
114 silly audit   'postcss-discard-comments': [ '5.1.2' ],
114 silly audit   'postcss-discard-duplicates': [ '5.1.0' ],
114 silly audit   'postcss-discard-empty': [ '5.1.1' ],
114 silly audit   'postcss-discard-overridden': [ '5.1.0' ],
114 silly audit   'postcss-double-position-gradients': [ '3.1.2' ],
114 silly audit   'postcss-env-function': [ '4.0.6' ],
114 silly audit   'postcss-flexbugs-fixes': [ '5.0.2' ],
114 silly audit   'postcss-focus-visible': [ '6.0.4' ],
114 silly audit   'postcss-focus-within': [ '5.0.4' ],
114 silly audit   'postcss-font-variant': [ '5.0.0' ],
114 silly audit   'postcss-gap-properties': [ '3.0.5' ],
114 silly audit   'postcss-image-set-function': [ '4.0.7' ],
114 silly audit   'postcss-import': [ '15.1.0' ],
114 silly audit   'postcss-initial': [ '4.0.1' ],
114 silly audit   'postcss-js': [ '4.0.1' ],
114 silly audit   'postcss-lab-function': [ '4.2.1' ],
114 silly audit   'postcss-load-config': [ '4.0.1' ],
114 silly audit   yaml: [ '2.3.2', '1.10.2' ],
114 silly audit   'postcss-loader': [ '6.2.1' ],
114 silly audit   'postcss-logical': [ '5.0.4' ],
114 silly audit   'postcss-media-minmax': [ '5.0.0' ],
114 silly audit   'postcss-merge-longhand': [ '5.1.7' ],
114 silly audit   'postcss-merge-rules': [ '5.1.4' ],
114 silly audit   'postcss-minify-font-values': [ '5.1.0' ],
114 silly audit   'postcss-minify-gradients': [ '5.1.1' ],
114 silly audit   'postcss-minify-params': [ '5.1.4' ],
114 silly audit   'postcss-minify-selectors': [ '5.2.1' ],
114 silly audit   'postcss-modules-extract-imports': [ '3.0.0' ],
114 silly audit   'postcss-modules-local-by-default': [ '4.0.3' ],
114 silly audit   'postcss-modules-scope': [ '3.0.0' ],
114 silly audit   'postcss-modules-values': [ '4.0.0' ],
114 silly audit   'postcss-nested': [ '6.0.1' ],
114 silly audit   'postcss-nesting': [ '10.2.0' ],
114 silly audit   'postcss-normalize': [ '10.0.1' ],
114 silly audit   'postcss-normalize-charset': [ '5.1.0' ],
114 silly audit   'postcss-normalize-display-values': [ '5.1.0' ],
114 silly audit   'postcss-normalize-positions': [ '5.1.1' ],
114 silly audit   'postcss-normalize-repeat-style': [ '5.1.1' ],
114 silly audit   'postcss-normalize-string': [ '5.1.0' ],
114 silly audit   'postcss-normalize-timing-functions': [ '5.1.0' ],
114 silly audit   'postcss-normalize-unicode': [ '5.1.1' ],
114 silly audit   'postcss-normalize-url': [ '5.1.0' ],
114 silly audit   'postcss-normalize-whitespace': [ '5.1.1' ],
114 silly audit   'postcss-opacity-percentage': [ '1.1.3' ],
114 silly audit   'postcss-ordered-values': [ '5.1.3' ],
114 silly audit   'postcss-overflow-shorthand': [ '3.0.4' ],
114 silly audit   'postcss-page-break': [ '3.0.4' ],
114 silly audit   'postcss-place': [ '7.0.5' ],
114 silly audit   'postcss-preset-env': [ '7.8.3' ],
114 silly audit   'postcss-pseudo-class-any-link': [ '7.1.6' ],
114 silly audit   'postcss-reduce-initial': [ '5.1.2' ],
114 silly audit   'postcss-reduce-transforms': [ '5.1.0' ],
114 silly audit   'postcss-replace-overflow-wrap': [ '4.0.0' ],
114 silly audit   'postcss-selector-not': [ '6.0.1' ],
114 silly audit   'postcss-selector-parser': [ '6.0.13' ],
114 silly audit   'postcss-svgo': [ '5.1.0' ],
114 silly audit   svgo: [ '2.8.0', '1.3.2' ],
114 silly audit   'postcss-unique-selectors': [ '5.1.1' ],
114 silly audit   'postcss-value-parser': [ '4.2.0' ],
114 silly audit   'prelude-ls': [ '1.2.1', '1.1.2' ],
114 silly audit   'pretty-bytes': [ '5.6.0' ],
114 silly audit   'pretty-error': [ '4.0.0' ],
114 silly audit   primeflex: [ '3.3.1' ],
114 silly audit   primeicons: [ '6.0.1' ],
114 silly audit   primereact: [ '10.0.2' ],
114 silly audit   'process-nextick-args': [ '2.0.1' ],
114 silly audit   promise: [ '8.3.0' ],
114 silly audit   prompts: [ '2.4.2' ],
114 silly audit   'prop-types': [ '15.8.1' ],
114 silly audit   'proxy-addr': [ '2.0.7' ],
114 silly audit   psl: [ '1.9.0' ],
114 silly audit   punycode: [ '2.3.0' ],
114 silly audit   q: [ '1.5.1' ],
114 silly audit   qs: [ '6.11.0' ],
114 silly audit   querystringify: [ '2.2.0' ],
114 silly audit   'queue-microtask': [ '1.2.3' ],
114 silly audit   raf: [ '3.4.1' ],
114 silly audit   randombytes: [ '2.1.0' ],
114 silly audit   'range-parser': [ '1.2.1' ],
114 silly audit   'raw-body': [ '2.5.1' ],
114 silly audit   react: [ '18.2.0' ],
114 silly audit   'react-app-polyfill': [ '3.0.0' ],
114 silly audit   'regenerator-runtime': [ '0.13.11', '0.14.0' ],
114 silly audit   'react-dev-utils': [ '12.0.1' ],
114 silly audit   'react-dom': [ '18.2.0' ],
114 silly audit   'react-error-overlay': [ '6.0.11' ],
114 silly audit   'react-refresh': [ '0.11.0' ],
114 silly audit   'react-scripts': [ '5.0.1' ],
114 silly audit   'react-transition-group': [ '4.4.5' ],
114 silly audit   'read-cache': [ '1.0.0' ],
114 silly audit   readdirp: [ '3.6.0' ],
114 silly audit   'recursive-readdir': [ '2.2.3' ],
114 silly audit   redent: [ '3.0.0' ],
114 silly audit   'reflect.getprototypeof': [ '1.0.4' ],
114 silly audit   regenerate: [ '1.4.2' ],
114 silly audit   'regenerate-unicode-properties': [ '10.1.1' ],
114 silly audit   'regenerator-transform': [ '0.15.2' ],
114 silly audit   'regex-parser': [ '2.2.11' ],
114 silly audit   'regexp.prototype.flags': [ '1.5.1' ],
114 silly audit   'regexpu-core': [ '5.3.2' ],
114 silly audit   regjsparser: [ '0.9.1' ],
114 silly audit   relateurl: [ '0.2.7' ],
114 silly audit   renderkid: [ '3.0.0' ],
114 silly audit   'require-directory': [ '2.1.1' ],
114 silly audit   'require-from-string': [ '2.0.2' ],
114 silly audit   'requires-port': [ '1.0.0' ],
114 silly audit   'resolve-cwd': [ '3.0.0' ],
114 silly audit   'resolve-url-loader': [ '4.0.0' ],
114 silly audit   'resolve.exports': [ '1.1.1' ],
114 silly audit   retry: [ '0.13.1' ],
114 silly audit   reusify: [ '1.0.4' ],
114 silly audit   rimraf: [ '3.0.2' ],
114 silly audit   rollup: [ '2.79.1' ],
114 silly audit   'rollup-plugin-terser': [ '7.0.2' ],
114 silly audit   'serialize-javascript': [ '4.0.0', '6.0.1' ],
114 silly audit   'run-parallel': [ '1.2.0' ],
114 silly audit   'safe-array-concat': [ '1.0.1' ],
114 silly audit   'safe-regex-test': [ '1.0.0' ],
114 silly audit   'safer-buffer': [ '2.1.2' ],
114 silly audit   'sanitize.css': [ '13.0.0' ],
114 silly audit   'sass-loader': [ '12.6.0' ],
114 silly audit   sax: [ '1.2.4' ],
114 silly audit   saxes: [ '5.0.1' ],
114 silly audit   scheduler: [ '0.23.0' ],
114 silly audit   'select-hose': [ '2.0.0' ],
114 silly audit   selfsigned: [ '2.1.1' ],
114 silly audit   yallist: [ '4.0.0', '3.1.1' ],
114 silly audit   send: [ '0.18.0' ],
114 silly audit   'serve-index': [ '1.9.1' ],
114 silly audit   setprototypeof: [ '1.1.0', '1.2.0' ],
114 silly audit   statuses: [ '1.5.0', '2.0.1' ],
114 silly audit   'serve-static': [ '1.15.0' ],
114 silly audit   'set-function-name': [ '2.0.1' ],
114 silly audit   'shebang-command': [ '2.0.0' ],
114 silly audit   'shebang-regex': [ '3.0.0' ],
114 silly audit   'shell-quote': [ '1.8.1' ],
114 silly audit   'side-channel': [ '1.0.4' ],
114 silly audit   'signal-exit': [ '3.0.7' ],
114 silly audit   sisteransi: [ '1.0.5' ],
114 silly audit   sockjs: [ '0.3.24' ],
114 silly audit   'source-list-map': [ '2.0.1' ],
114 silly audit   'source-map-js': [ '1.0.2' ],
114 silly audit   'source-map-loader': [ '3.0.2' ],
114 silly audit   'source-map-support': [ '0.5.21' ],
114 silly audit   'sourcemap-codec': [ '1.4.8' ],
114 silly audit   spdy: [ '4.0.2' ],
114 silly audit   'spdy-transport': [ '3.0.0' ],
114 silly audit   'sprintf-js': [ '1.0.3' ],
114 silly audit   stable: [ '0.1.8' ],
114 silly audit   'stack-utils': [ '2.0.6' ],
114 silly audit   stackframe: [ '1.3.4' ],
114 silly audit   'static-eval': [ '2.0.2' ],
114 silly audit   'type-check': [ '0.3.2', '0.4.0' ],
114 silly audit   'stop-iteration-iterator': [ '1.0.0' ],
114 silly audit   'string-natural-compare': [ '3.0.1' ],
114 silly audit   'string-width': [ '4.2.3' ],
114 silly audit   'string.prototype.matchall': [ '4.0.10' ],
114 silly audit   'string.prototype.trim': [ '1.2.8' ],
114 silly audit   'string.prototype.trimend': [ '1.0.7' ],
114 silly audit   'string.prototype.trimstart': [ '1.0.7' ],
114 silly audit   'stringify-object': [ '3.3.0' ],
114 silly audit   'strip-bom': [ '4.0.0', '3.0.0' ],
114 silly audit   'strip-comments': [ '2.0.1' ],
114 silly audit   'strip-final-newline': [ '2.0.0' ],
114 silly audit   'strip-indent': [ '3.0.0' ],
114 silly audit   'strip-json-comments': [ '3.1.1' ],
114 silly audit   'style-loader': [ '3.3.3' ],
114 silly audit   stylehacks: [ '5.1.1' ],
114 silly audit   sucrase: [ '3.34.0' ],
114 silly audit   'supports-hyperlinks': [ '2.3.0' ],
114 silly audit   'supports-preserve-symlinks-flag': [ '1.0.0' ],
114 silly audit   'svg-parser': [ '2.0.4' ],
114 silly audit   'symbol-tree': [ '3.2.4' ],
114 silly audit   tailwindcss: [ '3.3.3' ],
114 silly audit   'temp-dir': [ '2.0.0' ],
114 silly audit   tempy: [ '0.6.0' ],
114 silly audit   'terminal-link': [ '2.1.1' ],
114 silly audit   terser: [ '5.21.0' ],
114 silly audit   'terser-webpack-plugin': [ '5.3.9' ],
114 silly audit   'test-exclude': [ '6.0.0' ],
114 silly audit   'text-table': [ '0.2.0' ],
114 silly audit   thenify: [ '3.3.1' ],
114 silly audit   'thenify-all': [ '1.6.0' ],
114 silly audit   throat: [ '6.0.2' ],
114 silly audit   thunky: [ '1.1.0' ],
114 silly audit   tmpl: [ '1.0.5' ],
114 silly audit   'to-fast-properties': [ '2.0.0' ],
114 silly audit   'to-regex-range': [ '5.0.1' ],
114 silly audit   toidentifier: [ '1.0.1' ],
114 silly audit   'tough-cookie': [ '4.1.3' ],
114 silly audit   universalify: [ '0.2.0', '2.0.0' ],
114 silly audit   tr46: [ '2.1.0', '1.0.1' ],
114 silly audit   tryer: [ '1.0.1' ],
114 silly audit   'ts-interface-checker': [ '0.1.13' ],
114 silly audit   'tsconfig-paths': [ '3.14.2' ],
114 silly audit   tslib: [ '2.6.2', '1.14.1' ],
114 silly audit   tsutils: [ '3.21.0' ],
114 silly audit   'type-detect': [ '4.0.8' ],
114 silly audit   'type-is': [ '1.6.18' ],
114 silly audit   'typed-array-buffer': [ '1.0.0' ],
114 silly audit   'typed-array-byte-length': [ '1.0.0' ],
114 silly audit   'typed-array-byte-offset': [ '1.0.0' ],
114 silly audit   'typed-array-length': [ '1.0.4' ],
114 silly audit   'typedarray-to-buffer': [ '3.1.5' ],
114 silly audit   typescript: [ '4.9.5' ],
114 silly audit   'unbox-primitive': [ '1.0.2' ],
114 silly audit   underscore: [ '1.12.1' ],
114 silly audit   'unicode-canonical-property-names-ecmascript': [ '2.0.0' ],
114 silly audit   'unicode-match-property-ecmascript': [ '2.0.0' ],
114 silly audit   'unicode-match-property-value-ecmascript': [ '2.1.0' ],
114 silly audit   'unicode-property-aliases-ecmascript': [ '2.1.0' ],
114 silly audit   'unique-string': [ '2.0.0' ],
114 silly audit   unpipe: [ '1.0.0' ],
114 silly audit   unquote: [ '1.1.1' ],
114 silly audit   upath: [ '1.2.0' ],
114 silly audit   'update-browserslist-db': [ '1.0.13' ],
114 silly audit   'uri-js': [ '4.4.1' ],
114 silly audit   'url-parse': [ '1.5.10' ],
114 silly audit   'util-deprecate': [ '1.0.2' ],
114 silly audit   'util.promisify': [ '1.0.1' ],
114 silly audit   utila: [ '0.4.0' ],
114 silly audit   'utils-merge': [ '1.0.1' ],
114 silly audit   uuid: [ '8.3.2' ],
114 silly audit   'v8-to-istanbul': [ '8.1.1' ],
114 silly audit   vary: [ '1.1.2' ],
114 silly audit   'w3c-hr-time': [ '1.0.2' ],
114 silly audit   'w3c-xmlserializer': [ '2.0.0' ],
114 silly audit   walker: [ '1.0.8' ],
114 silly audit   watchpack: [ '2.4.0' ],
114 silly audit   wbuf: [ '1.7.3' ],
114 silly audit   'web-vitals': [ '2.1.4' ],
114 silly audit   webpack: [ '5.88.2' ],
114 silly audit   'webpack-dev-middleware': [ '5.3.3' ],
114 silly audit   'webpack-dev-server': [ '4.15.1' ],
114 silly audit   ws: [ '8.14.2', '7.5.9' ],
114 silly audit   'webpack-manifest-plugin': [ '4.1.1' ],
114 silly audit   'webpack-sources': [ '2.3.1', '3.2.3', '1.4.3' ],
114 silly audit   'websocket-driver': [ '0.7.4' ],
114 silly audit   'websocket-extensions': [ '0.1.4' ],
114 silly audit   'whatwg-encoding': [ '1.0.5' ],
114 silly audit   'whatwg-fetch': [ '3.6.19' ],
114 silly audit   'whatwg-mimetype': [ '2.3.0' ],
114 silly audit   'whatwg-url': [ '8.7.0', '7.1.0' ],
114 silly audit   'which-boxed-primitive': [ '1.0.2' ],
114 silly audit   'which-builtin-type': [ '1.1.3' ],
114 silly audit   'which-collection': [ '1.0.1' ],
114 silly audit   'which-typed-array': [ '1.1.11' ],
114 silly audit   'word-wrap': [ '1.2.5' ],
114 silly audit   'workbox-background-sync': [ '6.6.0' ],
114 silly audit   'workbox-broadcast-update': [ '6.6.0' ],
114 silly audit   'workbox-build': [ '6.6.0' ],
114 silly audit   '@apideck/better-ajv-errors': [ '0.3.6' ],
114 silly audit   'workbox-cacheable-response': [ '6.6.0' ],
114 silly audit   'workbox-core': [ '6.6.0' ],
114 silly audit   'workbox-expiration': [ '6.6.0' ],
114 silly audit   'workbox-google-analytics': [ '6.6.0' ],
114 silly audit   'workbox-navigation-preload': [ '6.6.0' ],
114 silly audit   'workbox-precaching': [ '6.6.0' ],
114 silly audit   'workbox-range-requests': [ '6.6.0' ],
114 silly audit   'workbox-recipes': [ '6.6.0' ],
114 silly audit   'workbox-routing': [ '6.6.0' ],
114 silly audit   'workbox-strategies': [ '6.6.0' ],
114 silly audit   'workbox-streams': [ '6.6.0' ],
114 silly audit   'workbox-sw': [ '6.6.0' ],
114 silly audit   'workbox-webpack-plugin': [ '6.6.0' ],
114 silly audit   'workbox-window': [ '6.6.0' ],
114 silly audit   'wrap-ansi': [ '7.0.0' ],
114 silly audit   wrappy: [ '1.0.2' ],
114 silly audit   'write-file-atomic': [ '3.0.3' ],
114 silly audit   'xml-name-validator': [ '3.0.0' ],
114 silly audit   xmlchars: [ '2.2.0' ],
114 silly audit   y18n: [ '5.0.8' ],
114 silly audit   yargs: [ '16.2.0' ],
114 silly audit   'yargs-parser': [ '20.2.9' ],
114 silly audit   'yocto-queue': [ '0.1.0' ],
114 silly audit   axios: [ '1.5.1' ],
114 silly audit   'react-redux': [ '8.1.3' ],
114 silly audit   'react-router-dom': [ '6.16.0' ],
114 silly audit   'proxy-from-env': [ '1.1.0' ],
114 silly audit   '@types/hoist-non-react-statics': [ '3.3.2' ],
114 silly audit   '@types/use-sync-external-store': [ '0.0.3' ],
114 silly audit   'hoist-non-react-statics': [ '3.3.2' ],
114 silly audit   'use-sync-external-store': [ '1.2.0' ],
114 silly audit   '@remix-run/router': [ '1.9.0' ],
114 silly audit   'react-router': [ '6.16.0' ]
114 silly audit }
115 verbose reify failed optional dependency C:\Users\AN HA\WebstormProjects\demo-reactjs\node_modules\fsevents
116 silly reify mark deleted [
116 silly reify   'C:\\Users\\AN HA\\WebstormProjects\\demo-reactjs\\node_modules\\fsevents'
116 silly reify ]
117 timing reifyNode:node_modules/fsevents Completed in 5ms
118 silly tarball no local data for react-router@https://registry.npmjs.org/react-router/-/react-router-6.16.0.tgz. Extracting by manifest.
119 silly tarball no local data for use-sync-external-store@https://registry.npmjs.org/use-sync-external-store/-/use-sync-external-store-1.2.0.tgz. Extracting by manifest.
120 silly tarball no local data for hoist-non-react-statics@https://registry.npmjs.org/hoist-non-react-statics/-/hoist-non-react-statics-3.3.2.tgz. Extracting by manifest.
121 silly tarball no local data for @remix-run/router@https://registry.npmjs.org/@remix-run/router/-/router-1.9.0.tgz. Extracting by manifest.
122 silly tarball no local data for @types/hoist-non-react-statics@https://registry.npmjs.org/@types/hoist-non-react-statics/-/hoist-non-react-statics-3.3.2.tgz. Extracting by manifest.
123 silly tarball no local data for react-router-dom@https://registry.npmjs.org/react-router-dom/-/react-router-dom-6.16.0.tgz. Extracting by manifest.
124 silly tarball no local data for proxy-from-env@https://registry.npmjs.org/proxy-from-env/-/proxy-from-env-1.1.0.tgz. Extracting by manifest.
125 silly tarball no local data for react-redux@https://registry.npmjs.org/react-redux/-/react-redux-8.1.3.tgz. Extracting by manifest.
126 silly tarball no local data for @types/use-sync-external-store@https://registry.npmjs.org/@types/use-sync-external-store/-/use-sync-external-store-0.0.3.tgz. Extracting by manifest.
127 silly tarball no local data for axios@https://registry.npmjs.org/axios/-/axios-1.5.1.tgz. Extracting by manifest.
128 silly tarball no local data for react-is@https://registry.npmjs.org/react-is/-/react-is-16.13.1.tgz. Extracting by manifest.
129 silly tarball no local data for form-data@https://registry.npmjs.org/form-data/-/form-data-4.0.0.tgz. Extracting by manifest.
130 silly tarball no local data for react-is@https://registry.npmjs.org/react-is/-/react-is-18.2.0.tgz. Extracting by manifest.
131 http fetch GET 200 https://registry.npmjs.org/proxy-from-env/-/proxy-from-env-1.1.0.tgz 90ms (cache miss)
132 timing reifyNode:node_modules/proxy-from-env Completed in 106ms
133 http fetch POST 200 https://registry.npmjs.org/-/npm/v1/security/advisories/bulk 297ms
134 timing auditReport:getReport Completed in 313ms
135 silly audit report {
135 silly audit report   'nth-check': [
135 silly audit report     {
135 silly audit report       id: 1093882,
135 silly audit report       url: 'https://github.com/advisories/GHSA-rp65-9cf3-cjxr',
135 silly audit report       title: 'Inefficient Regular Expression Complexity in nth-check',
135 silly audit report       severity: 'high',
135 silly audit report       vulnerable_versions: '<2.0.1',
135 silly audit report       cwe: [Array],
135 silly audit report       cvss: [Object]
135 silly audit report     }
135 silly audit report   ],
135 silly audit report   postcss: [
135 silly audit report     {
135 silly audit report       id: 1094239,
135 silly audit report       url: 'https://github.com/advisories/GHSA-7fh5-64p2-3v2j',
135 silly audit report       title: 'PostCSS line return parsing error',
135 silly audit report       severity: 'moderate',
135 silly audit report       vulnerable_versions: '<8.4.31',
135 silly audit report       cwe: [],
135 silly audit report       cvss: [Object]
135 silly audit report     }
135 silly audit report   ]
135 silly audit report }
136 timing metavuln:cache:get:security-advisory:nth-check:P2ToR5jFx/01rEkSP/4UXKEOqa5Eie6KyhapvbUbLVaIjf8ifxUjDEXGV1dwrGi+ytz3yOxE3tN0fxf/ZBEq5A== Completed in 1ms
137 timing metavuln:cache:get:security-advisory:postcss:OgAKf4CE8HAcjW3qou0d/Vbvb8ZNGgVQQR2Zb435VxOFhTiTHKys9Jf9k5CddC4LzCI/JX2AHDqTaY8HBuaAlQ== Completed in 2ms
138 http fetch GET 200 https://registry.npmjs.org/react-is/-/react-is-18.2.0.tgz 284ms (cache miss)
139 timing reifyNode:node_modules/react-redux/node_modules/react-is Completed in 301ms
140 http fetch GET 200 https://registry.npmjs.org/react-is/-/react-is-16.13.1.tgz 697ms (cache miss)
141 timing reifyNode:node_modules/hoist-non-react-statics/node_modules/react-is Completed in 717ms
142 http fetch GET 200 https://registry.npmjs.org/@types/use-sync-external-store/-/use-sync-external-store-0.0.3.tgz 850ms (cache miss)
143 timing reifyNode:node_modules/@types/use-sync-external-store Completed in 869ms
144 http fetch GET 200 https://registry.npmjs.org/@types/hoist-non-react-statics/-/hoist-non-react-statics-3.3.2.tgz 925ms (cache miss)
145 timing reifyNode:node_modules/@types/hoist-non-react-statics Completed in 939ms
146 http fetch GET 200 https://registry.npmjs.org/react-router/-/react-router-6.16.0.tgz 1358ms (cache miss)
147 timing reifyNode:node_modules/react-router Completed in 1373ms
148 http fetch GET 200 https://registry.npmjs.org/react-redux/-/react-redux-8.1.3.tgz 1485ms (cache miss)
149 timing reifyNode:node_modules/react-redux Completed in 1500ms
150 http fetch GET 200 https://registry.npmjs.org/axios/-/axios-1.5.1.tgz 2650ms (cache miss)
151 timing reifyNode:node_modules/axios Completed in 2667ms
152 http fetch GET 200 https://registry.npmjs.org/postcss 2521ms (cache miss)
153 timing metavuln:packument:postcss Completed in 2524ms
154 timing metavuln:load:security-advisory:postcss:1094239 Completed in 5ms
155 timing metavuln:cache:put:security-advisory:postcss:OgAKf4CE8HAcjW3qou0d/Vbvb8ZNGgVQQR2Zb435VxOFhTiTHKys9Jf9k5CddC4LzCI/JX2AHDqTaY8HBuaAlQ== Completed in 9ms
156 timing metavuln:calculate:security-advisory:postcss:1094239 Completed in 2538ms
157 http fetch GET 200 https://registry.npmjs.org/@remix-run/router/-/router-1.9.0.tgz 3171ms (cache miss)
158 timing reifyNode:node_modules/@remix-run/router Completed in 3188ms
159 http fetch GET 200 https://registry.npmjs.org/hoist-non-react-statics/-/hoist-non-react-statics-3.3.2.tgz 4006ms (cache miss)
160 timing reifyNode:node_modules/hoist-non-react-statics Completed in 4023ms
161 http fetch GET 200 https://registry.npmjs.org/use-sync-external-store/-/use-sync-external-store-1.2.0.tgz 4048ms (cache miss)
162 timing reifyNode:node_modules/use-sync-external-store Completed in 4064ms
163 http fetch GET 200 https://registry.npmjs.org/react-router-dom/-/react-router-dom-6.16.0.tgz 4160ms (cache miss)
164 timing reifyNode:node_modules/react-router-dom Completed in 4173ms
165 http fetch GET 200 https://registry.npmjs.org/form-data/-/form-data-4.0.0.tgz 4320ms (cache miss)
166 timing reifyNode:node_modules/axios/node_modules/form-data Completed in 4336ms
167 timing reify:unpack Completed in 4342ms
168 timing reify:unretire Completed in 0ms
169 timing build:queue Completed in 1ms
170 timing build:deps Completed in 1ms
171 timing build Completed in 1ms
172 timing reify:build Completed in 2ms
173 timing reify:trash Completed in 1ms
174 timing reify:save Completed in 277ms
175 http fetch GET 200 https://registry.npmjs.org/nth-check 4490ms (cache miss)
176 timing metavuln:packument:nth-check Completed in 4490ms
177 timing metavuln:load:security-advisory:nth-check:1093882 Completed in 0ms
178 timing metavuln:cache:put:security-advisory:nth-check:P2ToR5jFx/01rEkSP/4UXKEOqa5Eie6KyhapvbUbLVaIjf8ifxUjDEXGV1dwrGi+ytz3yOxE3tN0fxf/ZBEq5A== Completed in 4ms
179 timing metavuln:calculate:security-advisory:nth-check:1093882 Completed in 4495ms
180 timing metavuln:cache:get:security-advisory:css-select:A7nkDvtbIbg2wZQ1TqB9w6GY9qrjGTvP4WquxRy40Z5Jhz/1HX/Yedp9SJBE8fwwzl/dDwvDX2WH3SSDDac8nw== Completed in 1ms
181 http fetch GET 200 https://registry.npmjs.org/css-select 86ms (cache miss)
182 timing metavuln:packument:css-select Completed in 87ms
183 timing metavuln:load:security-advisory:css-select:P2ToR5jFx/01rEkSP/4UXKEOqa5Eie6KyhapvbUbLVaIjf8ifxUjDEXGV1dwrGi+ytz3yOxE3tN0fxf/ZBEq5A== Completed in 2ms
184 timing metavuln:cache:put:security-advisory:css-select:A7nkDvtbIbg2wZQ1TqB9w6GY9qrjGTvP4WquxRy40Z5Jhz/1HX/Yedp9SJBE8fwwzl/dDwvDX2WH3SSDDac8nw== Completed in 4ms
185 timing metavuln:calculate:security-advisory:css-select:P2ToR5jFx/01rEkSP/4UXKEOqa5Eie6KyhapvbUbLVaIjf8ifxUjDEXGV1dwrGi+ytz3yOxE3tN0fxf/ZBEq5A== Completed in 93ms
186 timing metavuln:cache:get:security-advisory:resolve-url-loader:yD81o1b8HLIVWSs3F3TW18pcfBPdhjmezWxxa3g/L5AjgwWBYZywhQLZx7pmUxT+CHhEDaIPgQ0Qb6b8DZJ4jA== Completed in 1ms
187 http fetch GET 200 https://registry.npmjs.org/resolve-url-loader 75ms (cache miss)
188 timing metavuln:packument:resolve-url-loader Completed in 76ms
189 timing metavuln:load:security-advisory:resolve-url-loader:OgAKf4CE8HAcjW3qou0d/Vbvb8ZNGgVQQR2Zb435VxOFhTiTHKys9Jf9k5CddC4LzCI/JX2AHDqTaY8HBuaAlQ== Completed in 6ms
190 timing metavuln:cache:put:security-advisory:resolve-url-loader:yD81o1b8HLIVWSs3F3TW18pcfBPdhjmezWxxa3g/L5AjgwWBYZywhQLZx7pmUxT+CHhEDaIPgQ0Qb6b8DZJ4jA== Completed in 4ms
191 timing metavuln:calculate:security-advisory:resolve-url-loader:OgAKf4CE8HAcjW3qou0d/Vbvb8ZNGgVQQR2Zb435VxOFhTiTHKys9Jf9k5CddC4LzCI/JX2AHDqTaY8HBuaAlQ== Completed in 87ms
192 timing metavuln:cache:get:security-advisory:svgo:yM0+6BFhzmlVIyH7f4/nXtA41sNQYoVzFD+vYvEVUUH46dcwj469Ec7X4bNBWwXRuNTJNfvEoQMPrd89eS5EBg== Completed in 1ms
193 http fetch GET 200 https://registry.npmjs.org/svgo 80ms (cache miss)
194 timing metavuln:packument:svgo Completed in 82ms
195 timing metavuln:load:security-advisory:svgo:A7nkDvtbIbg2wZQ1TqB9w6GY9qrjGTvP4WquxRy40Z5Jhz/1HX/Yedp9SJBE8fwwzl/dDwvDX2WH3SSDDac8nw== Completed in 2ms
196 timing metavuln:cache:put:security-advisory:svgo:yM0+6BFhzmlVIyH7f4/nXtA41sNQYoVzFD+vYvEVUUH46dcwj469Ec7X4bNBWwXRuNTJNfvEoQMPrd89eS5EBg== Completed in 4ms
197 timing metavuln:calculate:security-advisory:svgo:A7nkDvtbIbg2wZQ1TqB9w6GY9qrjGTvP4WquxRy40Z5Jhz/1HX/Yedp9SJBE8fwwzl/dDwvDX2WH3SSDDac8nw== Completed in 89ms
198 timing metavuln:cache:get:security-advisory:react-scripts:vRRRich751tCLfjHpzuKAiT7ge6LT1AiuEuPbEOjF1k34fB8/Dxw0QrSEaiJZrj4SiLKI+Xah1xUsYfn6mFIjw== Completed in 1ms
199 http fetch GET 200 https://registry.npmjs.org/react-scripts 606ms (cache miss)
200 timing metavuln:packument:react-scripts Completed in 611ms
201 timing metavuln:load:security-advisory:react-scripts:yD81o1b8HLIVWSs3F3TW18pcfBPdhjmezWxxa3g/L5AjgwWBYZywhQLZx7pmUxT+CHhEDaIPgQ0Qb6b8DZJ4jA== Completed in 3ms
202 timing metavuln:cache:put:security-advisory:react-scripts:vRRRich751tCLfjHpzuKAiT7ge6LT1AiuEuPbEOjF1k34fB8/Dxw0QrSEaiJZrj4SiLKI+Xah1xUsYfn6mFIjw== Completed in 4ms
203 timing metavuln:calculate:security-advisory:react-scripts:yD81o1b8HLIVWSs3F3TW18pcfBPdhjmezWxxa3g/L5AjgwWBYZywhQLZx7pmUxT+CHhEDaIPgQ0Qb6b8DZJ4jA== Completed in 618ms
204 timing metavuln:cache:get:security-advisory:@svgr/plugin-svgo:XQ+yCDUFTPq2/xqfo4vtdhQDp2W3OxuJycxMJ983TwGc9x5+kR/7gNIjAdlmc87SJIFpyxjiKrpnTFj2NJrgkw== Completed in 1ms
205 http fetch GET 200 https://registry.npmjs.org/@svgr%2fplugin-svgo 150ms (cache miss)
206 timing metavuln:packument:@svgr/plugin-svgo Completed in 152ms
207 timing metavuln:load:security-advisory:@svgr/plugin-svgo:yM0+6BFhzmlVIyH7f4/nXtA41sNQYoVzFD+vYvEVUUH46dcwj469Ec7X4bNBWwXRuNTJNfvEoQMPrd89eS5EBg== Completed in 1ms
208 timing metavuln:cache:put:security-advisory:@svgr/plugin-svgo:XQ+yCDUFTPq2/xqfo4vtdhQDp2W3OxuJycxMJ983TwGc9x5+kR/7gNIjAdlmc87SJIFpyxjiKrpnTFj2NJrgkw== Completed in 4ms
209 timing metavuln:calculate:security-advisory:@svgr/plugin-svgo:yM0+6BFhzmlVIyH7f4/nXtA41sNQYoVzFD+vYvEVUUH46dcwj469Ec7X4bNBWwXRuNTJNfvEoQMPrd89eS5EBg== Completed in 157ms
210 timing metavuln:cache:get:security-advisory:@svgr/webpack:XbUEBaHqeNwczplkqGzaY6ijdcg8B7ia0DsCvObpvkshOPU3W1RGbLFzVODD32+TEyGGA6Xw6OrKaALUstK8+w== Completed in 1ms
211 http fetch GET 200 https://registry.npmjs.org/@svgr%2fwebpack 200ms (cache miss)
212 timing metavuln:packument:@svgr/webpack Completed in 202ms
213 timing metavuln:load:security-advisory:@svgr/webpack:XQ+yCDUFTPq2/xqfo4vtdhQDp2W3OxuJycxMJ983TwGc9x5+kR/7gNIjAdlmc87SJIFpyxjiKrpnTFj2NJrgkw== Completed in 2ms
214 timing metavuln:cache:put:security-advisory:@svgr/webpack:XbUEBaHqeNwczplkqGzaY6ijdcg8B7ia0DsCvObpvkshOPU3W1RGbLFzVODD32+TEyGGA6Xw6OrKaALUstK8+w== Completed in 5ms
215 timing metavuln:calculate:security-advisory:@svgr/webpack:XQ+yCDUFTPq2/xqfo4vtdhQDp2W3OxuJycxMJ983TwGc9x5+kR/7gNIjAdlmc87SJIFpyxjiKrpnTFj2NJrgkw== Completed in 209ms
216 timing metavuln:cache:get:security-advisory:react-scripts:u0eEEvPK6lZ+/I2Sffzc6TIG40+fa8sIdwWUpyPz9esFk/ocO+2bCU+p6oEQgkwBjSCIxDkHFNOLfIHoqIOTxw== Completed in 0ms
217 timing metavuln:load:security-advisory:react-scripts:XbUEBaHqeNwczplkqGzaY6ijdcg8B7ia0DsCvObpvkshOPU3W1RGbLFzVODD32+TEyGGA6Xw6OrKaALUstK8+w== Completed in 4ms
218 timing metavuln:cache:put:security-advisory:react-scripts:u0eEEvPK6lZ+/I2Sffzc6TIG40+fa8sIdwWUpyPz9esFk/ocO+2bCU+p6oEQgkwBjSCIxDkHFNOLfIHoqIOTxw== Completed in 4ms
219 timing metavuln:calculate:security-advisory:react-scripts:XbUEBaHqeNwczplkqGzaY6ijdcg8B7ia0DsCvObpvkshOPU3W1RGbLFzVODD32+TEyGGA6Xw6OrKaALUstK8+w== Completed in 9ms
220 timing auditReport:init Completed in 5766ms
221 timing reify:audit Completed in 6079ms
222 timing reify Completed in 39970ms
223 silly ADD node_modules/react-router
224 silly ADD node_modules/@remix-run/router
225 silly ADD node_modules/use-sync-external-store
226 silly ADD node_modules/hoist-non-react-statics
227 silly ADD node_modules/hoist-non-react-statics/node_modules/react-is
228 silly ADD node_modules/@types/use-sync-external-store
229 silly ADD node_modules/@types/hoist-non-react-statics
230 silly ADD node_modules/proxy-from-env
231 silly ADD node_modules/react-router-dom
232 silly ADD node_modules/react-redux
233 silly ADD node_modules/react-redux/node_modules/react-is
234 silly ADD node_modules/axios
235 silly ADD node_modules/axios/node_modules/form-data
236 silly ADD
237 timing command:install Completed in 39986ms
238 notice
238 notice New [31mmajor[39m version of npm available! [31m9.8.1[39m -> [32m10.2.0[39m
238 notice Changelog: [36mhttps://github.com/npm/cli/releases/tag/v10.2.0[39m
238 notice Run [32mnpm install -g npm@10.2.0[39m to update!
238 notice
239 verbose exit 0
240 timing npm Completed in 40259ms
241 info ok
